<?xml version="1.0" encoding="UTF-8"?>
<!-- Generated by org.testng.reporters.JUnitXMLReporter -->
<testsuite hostname="MJLT-2643" ignored="10" name="ParallelTest" tests="6" failures="4" timestamp="2024-06-02T12:37:23 IST" time="685.989" errors="0">
  <testcase name="createEvaluationFromPR_Dynamically" time="20.183" classname="com.Dynamicity.BidSubmissionFor2ndSupplier_Dynamically">
    <failure type="org.json.JSONException" message="A JSONArray text must start with &amp;apos;[&amp;apos; at 4 [character 1 line 4]">
      <![CDATA[org.json.JSONException: A JSONArray text must start with '[' at 4 [character 1 line 4]
at org.json.JSONTokener.syntaxError(JSONTokener.java:507)
at org.json.JSONArray.<init>(JSONArray.java:109)
at org.json.JSONArray.<init>(JSONArray.java:162)
at com.components.API_Component.Login_AfterTenderCreation(API_Component.java:2593)
at com.components.Dynamicity.templateGroupDetails_afterQueryparamCaptured(Dynamicity.java:7960)
at com.Dynamicity.BidSubmissionFor2ndSupplier_Dynamically.createEvaluationFromPR_Dynamically(BidSubmissionFor2ndSupplier_Dynamically.java:47)
at java.util.concurrent.ThreadPoolExecutor.runWorker(Unknown Source)
at java.util.concurrent.ThreadPoolExecutor$Worker.run(Unknown Source)
at java.lang.Thread.run(Unknown Source)
... Removed 12 stack frames]]>
    </failure>
  </testcase> <!-- createEvaluationFromPR_Dynamically -->
  <testcase name="BidSubmission1stSupplier_Dynamically" time="19.709" classname="com.Dynamicity.BidSubmissionFor1stSupplier_Dynamically">
    <failure type="java.lang.RuntimeException" message="Failed to execute query">
      <![CDATA[java.lang.RuntimeException: Failed to execute query
at com.Database.DatabaseComponent.executeQuery(DatabaseComponent.java:63)
at com.Database.DatabaseComponent.encryptedPWD_AferTenderCreation(DatabaseComponent.java:138)
at com.components.API_Component.Login_AfterTenderCreation(API_Component.java:2578)
at com.components.Dynamicity.templateGroupDetails_afterQueryparamCaptured(Dynamicity.java:7960)
at com.Dynamicity.BidSubmissionFor1stSupplier_Dynamically.BidSubmission1stSupplier_Dynamically(BidSubmissionFor1stSupplier_Dynamically.java:50)
at java.util.concurrent.ThreadPoolExecutor.runWorker(Unknown Source)
at java.util.concurrent.ThreadPoolExecutor$Worker.run(Unknown Source)
at java.lang.Thread.run(Unknown Source)
... Removed 12 stack frames]]>
    </failure>
  </testcase> <!-- BidSubmission1stSupplier_Dynamically -->
  <testcase name="createEvaluationFromPR_Dynamically" time="20.183" classname="com.Dynamicity.BidSubmissionFor4thSupplier_Dynamically">
    <failure type="org.json.JSONException" message="A JSONArray text must start with &amp;apos;[&amp;apos; at 4 [character 1 line 4]">
      <![CDATA[org.json.JSONException: A JSONArray text must start with '[' at 4 [character 1 line 4]
at org.json.JSONTokener.syntaxError(JSONTokener.java:507)
at org.json.JSONArray.<init>(JSONArray.java:109)
at org.json.JSONArray.<init>(JSONArray.java:162)
at com.components.API_Component.Login_AfterTenderCreation(API_Component.java:2593)
at com.components.Dynamicity.templateGroupDetails_afterQueryparamCaptured(Dynamicity.java:7960)
at com.Dynamicity.BidSubmissionFor4thSupplier_Dynamically.createEvaluationFromPR_Dynamically(BidSubmissionFor4thSupplier_Dynamically.java:47)
at java.util.concurrent.ThreadPoolExecutor.runWorker(Unknown Source)
at java.util.concurrent.ThreadPoolExecutor$Worker.run(Unknown Source)
at java.lang.Thread.run(Unknown Source)
... Removed 12 stack frames]]>
    </failure>
  </testcase> <!-- createEvaluationFromPR_Dynamically -->
  <testcase name="createEvaluationFromPR_Dynamically" time="19.834" classname="com.Dynamicity.BidSubmissionFor3rdSupplier_Dynamically">
    <failure type="java.lang.RuntimeException" message="Failed to execute query">
      <![CDATA[java.lang.RuntimeException: Failed to execute query
at com.Database.DatabaseComponent.executeQuery(DatabaseComponent.java:63)
at com.Database.DatabaseComponent.encryptedPWD_AferTenderCreation(DatabaseComponent.java:138)
at com.components.API_Component.Login_AfterTenderCreation(API_Component.java:2578)
at com.components.Dynamicity.templateGroupDetails_afterQueryparamCaptured(Dynamicity.java:7960)
at com.Dynamicity.BidSubmissionFor3rdSupplier_Dynamically.createEvaluationFromPR_Dynamically(BidSubmissionFor3rdSupplier_Dynamically.java:47)
at java.util.concurrent.ThreadPoolExecutor.runWorker(Unknown Source)
at java.util.concurrent.ThreadPoolExecutor$Worker.run(Unknown Source)
at java.lang.Thread.run(Unknown Source)
... Removed 12 stack frames]]>
    </failure>
  </testcase> <!-- createEvaluationFromPR_Dynamically -->
  <testcase name="createEvaluationFromPR_Dynamically" time="672.957" classname="com.Dynamicity.BidSubmissionFor5thSupplier_Dynamically"/>
  <testcase name="createEvaluationFromPR_Dynamically" time="679.055" classname="com.Dynamicity.BidSubmissionFor6thSupplier_Dynamically"/>
  <testcase name="@BeforeSuite setUpSuiteDetails" time="0.0" classname="com.baseClasses.BaseClass_Web">
    <ignored/>
  </testcase> <!-- @BeforeSuite setUpSuiteDetails -->
  <testcase name="@BeforeSuite setUpSuiteDetails" time="0.0" classname="com.baseClasses.BaseClass_Web">
    <ignored/>
  </testcase> <!-- @BeforeSuite setUpSuiteDetails -->
  <testcase name="@BeforeSuite setUpSuiteDetails" time="0.0" classname="com.baseClasses.BaseClass_Web">
    <ignored/>
  </testcase> <!-- @BeforeSuite setUpSuiteDetails -->
  <testcase name="@BeforeSuite setUpSuiteDetails" time="0.0" classname="com.baseClasses.BaseClass_Web">
    <ignored/>
  </testcase> <!-- @BeforeSuite setUpSuiteDetails -->
  <testcase name="@BeforeSuite setUpSuiteDetails" time="0.0" classname="com.baseClasses.BaseClass_Web">
    <ignored/>
  </testcase> <!-- @BeforeSuite setUpSuiteDetails -->
  <testcase name="@AfterSuite afterSuite" time="0.0" classname="com.baseClasses.BaseClass_Web">
    <ignored/>
  </testcase> <!-- @AfterSuite afterSuite -->
  <testcase name="@AfterSuite afterSuite" time="0.0" classname="com.baseClasses.BaseClass_Web">
    <ignored/>
  </testcase> <!-- @AfterSuite afterSuite -->
  <testcase name="@AfterSuite afterSuite" time="0.0" classname="com.baseClasses.BaseClass_Web">
    <ignored/>
  </testcase> <!-- @AfterSuite afterSuite -->
  <testcase name="@AfterSuite afterSuite" time="0.0" classname="com.baseClasses.BaseClass_Web">
    <ignored/>
  </testcase> <!-- @AfterSuite afterSuite -->
  <testcase name="@AfterSuite afterSuite" time="0.0" classname="com.baseClasses.BaseClass_Web">
    <ignored/>
  </testcase> <!-- @AfterSuite afterSuite -->
</testsuite> <!-- ParallelTest -->
