<?xml version="1.0" encoding="UTF-8"?>
<!-- Generated by org.testng.reporters.JUnitXMLReporter -->
<testsuite hostname="MJLT-2643" ignored="0" name="Test" tests="6" failures="0" timestamp="2024-06-02T15:17:55 IST" time="52.634" errors="0">
  <testcase name="@BeforeTest CaptureJSResponse" time="0.313" classname="com.Dynamicity.BidSubmissionFor1stSupplier_Dynamically_test">
    <failure type="java.lang.NullPointerException">
      <![CDATA[java.lang.NullPointerException
at com.Dynamicity.BidSubmissionFor1stSupplier_Dynamically_test.CaptureJSResponse(BidSubmissionFor1stSupplier_Dynamically_test.java:44)
... Removed 24 stack frames]]>
    </failure>
  </testcase> <!-- @BeforeTest CaptureJSResponse -->
  <testcase name="@BeforeClass BeforeClass" time="-1.717321623448E9" classname="com.baseClasses.BaseClass_Web">
    <skipped/>
  </testcase> <!-- @BeforeClass BeforeClass -->
  <testcase name="@BeforeMethod captureDesc" time="-1.717321623464E9" classname="com.baseClasses.BaseClass_Web">
    <skipped/>
  </testcase> <!-- @BeforeMethod captureDesc -->
  <testcase name="@BeforeMethod captureDesc" time="-1.717321623464E9" classname="com.baseClasses.BaseClass_Web">
    <skipped/>
  </testcase> <!-- @BeforeMethod captureDesc -->
  <testcase name="@BeforeMethod captureDesc" time="-1.717321623464E9" classname="com.baseClasses.BaseClass_Web">
    <skipped/>
  </testcase> <!-- @BeforeMethod captureDesc -->
  <testcase name="@BeforeMethod captureDesc" time="-1.717321623464E9" classname="com.baseClasses.BaseClass_Web">
    <skipped/>
  </testcase> <!-- @BeforeMethod captureDesc -->
  <testcase name="@BeforeMethod captureDesc" time="-1.717321623464E9" classname="com.baseClasses.BaseClass_Web">
    <skipped/>
  </testcase> <!-- @BeforeMethod captureDesc -->
  <testcase name="@BeforeMethod captureDesc" time="-1.717321623464E9" classname="com.baseClasses.BaseClass_Web">
    <skipped/>
  </testcase> <!-- @BeforeMethod captureDesc -->
  <testcase name="@AfterClass afterClass" time="-1.717321675736E9" classname="com.baseClasses.BaseClass_Web">
    <skipped/>
  </testcase> <!-- @AfterClass afterClass -->
  <testcase name="BidSubmission5thSupplier_Dynamically" time="0.0" classname="com.Dynamicity.BidSubmissionFor1stSupplier_Dynamically_test">
    <skipped/>
  </testcase> <!-- BidSubmission5thSupplier_Dynamically -->
  <testcase name="BidSubmission2ndSupplier_Dynamically" time="0.0" classname="com.Dynamicity.BidSubmissionFor1stSupplier_Dynamically_test">
    <skipped/>
  </testcase> <!-- BidSubmission2ndSupplier_Dynamically -->
  <testcase name="BidSubmission6thSupplier_Dynamically" time="0.0" classname="com.Dynamicity.BidSubmissionFor1stSupplier_Dynamically_test">
    <skipped/>
  </testcase> <!-- BidSubmission6thSupplier_Dynamically -->
  <testcase name="BidSubmission1stSupplier_Dynamically" time="0.0" classname="com.Dynamicity.BidSubmissionFor1stSupplier_Dynamically_test">
    <skipped/>
  </testcase> <!-- BidSubmission1stSupplier_Dynamically -->
  <testcase name="BidSubmission3rdSupplier_Dynamically" time="0.0" classname="com.Dynamicity.BidSubmissionFor1stSupplier_Dynamically_test">
    <skipped/>
  </testcase> <!-- BidSubmission3rdSupplier_Dynamically -->
  <testcase name="BidSubmission4thSupplier_Dynamically" time="0.0" classname="com.Dynamicity.BidSubmissionFor1stSupplier_Dynamically_test">
    <skipped/>
  </testcase> <!-- BidSubmission4thSupplier_Dynamically -->
</testsuite> <!-- Test -->
