<?xml version="1.0" encoding="UTF-8"?>
<!-- Generated by org.testng.reporters.JUnitXMLReporter -->
<testsuite hostname="MJLT-2170" ignored="0" name="Test" tests="1" failures="1" timestamp="2024-03-28T12:10:16 IST" time="218.943" errors="0">
  <testcase name="Tender_Evaluation_with_OpeningApproval_N_Evaluationapproval_Y_NegotiateOnebidder_ApproveTwobidder" time="209.75" classname="com.testScripts_mjunction.TG1_TC_Evaluation_12_Openingapproval_N_Regression_Evaluationapproval_Y">
    <failure type="java.lang.AssertionError" message="Error Message : Error in clearing the text in element: no such element: Unable to locate element: {&amp;quot;method&amp;quot;:&amp;quot;xpath&amp;quot;,&amp;quot;selector&amp;quot;:&amp;quot;//textarea[@id=&amp;apos;rdcis_quotatn_trms_cnditn.Evaluator_Remarks.0&amp;apos;]&amp;quot;}
  (Session info: chrome=123.0.6312.59)
For documentation on this error, please visit: https://www.seleniumhq.org/exceptions/no_such_element.html
Build info: version: &amp;apos;3.141.59&amp;apos;, revision: &amp;apos;e82be7d358&amp;apos;, time: &amp;apos;2018-11-14T08:17:03&amp;apos;
System info: host: &amp;apos;MJLT-2170&amp;apos;, ip: &amp;apos;172.16.17.39&amp;apos;, os.name: &amp;apos;Windows 10&amp;apos;, os.arch: &amp;apos;amd64&amp;apos;, os.version: &amp;apos;10.0&amp;apos;, java.version: &amp;apos;1.8.0_192&amp;apos;
Driver info: org.openqa.selenium.chrome.ChromeDriver
Capabilities {acceptInsecureCerts: false, browserName: chrome, browserVersion: 123.0.6312.59, chrome: {chromedriverVersion: 123.0.6312.58 (6b4b19e9dfbb..., userDataDir: C:\Users\PAVEL~1.BAI\AppDat...}, fedcm:accounts: true, goog:chromeOptions: {debuggerAddress: localhost:59134}, javascriptEnabled: true, networkConnectionEnabled: false, pageLoadStrategy: normal, platform: WINDOWS, platformName: WINDOWS, proxy: Proxy(), setWindowRect: true, strictFileInteractability: false, timeouts: {implicit: 0, pageLoad: 300000, script: 30000}, unhandledPromptBehavior: dismiss and notify, webauthn:extension:credBlob: true, webauthn:extension:largeBlob: true, webauthn:extension:minPinLength: true, webauthn:extension:prf: true, webauthn:virtualAuthenticators: true}
Session ID: a6cba55ef2e9c81f1490927e6f88cb26
*** Element info: {Using=xpath, value=//textarea[@id=&amp;apos;rdcis_quotatn_trms_cnditn.Evaluator_Remarks.0&amp;apos;]}">
      <![CDATA[java.lang.AssertionError: Error Message : Error in clearing the text in element: no such element: Unable to locate element: {"method":"xpath","selector":"//textarea[@id='rdcis_quotatn_trms_cnditn.Evaluator_Remarks.0']"}
  (Session info: chrome=123.0.6312.59)
For documentation on this error, please visit: https://www.seleniumhq.org/exceptions/no_such_element.html
Build info: version: '3.141.59', revision: 'e82be7d358', time: '2018-11-14T08:17:03'
System info: host: 'MJLT-2170', ip: '172.16.17.39', os.name: 'Windows 10', os.arch: 'amd64', os.version: '10.0', java.version: '1.8.0_192'
Driver info: org.openqa.selenium.chrome.ChromeDriver
Capabilities {acceptInsecureCerts: false, browserName: chrome, browserVersion: 123.0.6312.59, chrome: {chromedriverVersion: 123.0.6312.58 (6b4b19e9dfbb..., userDataDir: C:\Users\PAVEL~1.BAI\AppDat...}, fedcm:accounts: true, goog:chromeOptions: {debuggerAddress: localhost:59134}, javascriptEnabled: true, networkConnectionEnabled: false, pageLoadStrategy: normal, platform: WINDOWS, platformName: WINDOWS, proxy: Proxy(), setWindowRect: true, strictFileInteractability: false, timeouts: {implicit: 0, pageLoad: 300000, script: 30000}, unhandledPromptBehavior: dismiss and notify, webauthn:extension:credBlob: true, webauthn:extension:largeBlob: true, webauthn:extension:minPinLength: true, webauthn:extension:prf: true, webauthn:virtualAuthenticators: true}
Session ID: a6cba55ef2e9c81f1490927e6f88cb26
*** Element info: {Using=xpath, value=//textarea[@id='rdcis_quotatn_trms_cnditn.Evaluator_Remarks.0']}
at com.baseClasses.AutomationException.<init>(AutomationException.java:11)
at com.baseClasses.BaseClass_Web.clear(BaseClass_Web.java:137)
at com.components.eTenderComponent.TG1_EvaluatorRemarks_cover1(eTenderComponent.java:14742)
at com.components.eTenderComponent.evaluateSupplier(eTenderComponent.java:14695)
at com.testScripts_mjunction.TG1_TC_Evaluation_12_Openingapproval_N_Regression_Evaluationapproval_Y.Tender_Evaluation_with_OpeningApproval_N_Evaluationapproval_Y_NegotiateOnebidder_ApproveTwobidder(TG1_TC_Evaluation_12_Openingapproval_N_Regression_Evaluationapproval_Y.java:194)
at java.util.ArrayList.forEach(Unknown Source)
... Removed 27 stack frames]]>
    </failure>
  </testcase> <!-- Tender_Evaluation_with_OpeningApproval_N_Evaluationapproval_Y_NegotiateOnebidder_ApproveTwobidder -->
</testsuite> <!-- Test -->
