<?xml version="1.0" encoding="UTF-8"?>
<!-- Generated by org.testng.reporters.JUnitXMLReporter -->
<testsuite hostname="MJLT-1563" ignored="0" name="Test" tests="1" failures="1" timestamp="2024-01-09T13:52:27 IST" time="3285.292" errors="0">
  <testcase name="Tenderpublished_after_tender_approval_TG1" time="3262.395" classname="com.testScripts_mjunction.TG1_TC_TenderCreation_01_tender_publish_with_tender_approval">
    <failure type="java.lang.AssertionError" message="Failed Due to Expected condition failed: waiting for visibility of element located by By.xpath: //a[normalize-space()=&amp;apos;Tender&amp;apos;] (tried for 2000 second(s) with 500 milliseconds interval)">
      <![CDATA[java.lang.AssertionError: Failed Due to Expected condition failed: waiting for visibility of element located by By.xpath: //a[normalize-space()='Tender'] (tried for 2000 second(s) with 500 milliseconds interval)
at com.components.eTenderComponent.ApproverOverAllComentWithTenderHasBeenApproved(eTenderComponent.java:12833)
at com.testScripts_mjunction.TG1_TC_TenderCreation_01_tender_publish_with_tender_approval.Tenderpublished_after_tender_approval_TG1(TG1_TC_TenderCreation_01_tender_publish_with_tender_approval.java:115)
at java.util.ArrayList.forEach(Unknown Source)
... Removed 28 stack frames]]>
    </failure>
  </testcase> <!-- Tenderpublished_after_tender_approval_TG1 -->
</testsuite> <!-- Test -->
