<?xml version="1.0" encoding="UTF-8"?>
<!-- Generated by org.testng.reporters.JUnitXMLReporter -->
<testsuite hostname="MJLT-1563" ignored="0" name="Test" tests="1" failures="1" timestamp="2024-02-29T11:09:11 IST" time="1425.488" errors="0">
  <testcase name="Tender_Evaluation_with_OpeningApproval_Y_Evaluationapproval_Y" time="1404.619" classname="com.testScripts_mjunction.TG1_TC_Evaluation_11_Openingapproval_Y_Evaluationapproval_Y">
    <failure type="java.lang.AssertionError" message="Error Message : Error during verifying the presence of Element: no such element: Unable to locate element: {&amp;quot;method&amp;quot;:&amp;quot;xpath&amp;quot;,&amp;quot;selector&amp;quot;:&amp;quot;//table[@id=&amp;apos;myTable&amp;apos;]//tbody//tr[1]//td[8]&amp;quot;}
  (Session info: chrome=122.0.6261.70)
For documentation on this error, please visit: https://www.seleniumhq.org/exceptions/no_such_element.html
Build info: version: &amp;apos;3.141.59&amp;apos;, revision: &amp;apos;e82be7d358&amp;apos;, time: &amp;apos;2018-11-14T08:17:03&amp;apos;
System info: host: &amp;apos;MJLT-1563&amp;apos;, ip: &amp;apos;172.16.6.158&amp;apos;, os.name: &amp;apos;Windows 10&amp;apos;, os.arch: &amp;apos;amd64&amp;apos;, os.version: &amp;apos;10.0&amp;apos;, java.version: &amp;apos;1.8.0_351&amp;apos;
Driver info: org.openqa.selenium.chrome.ChromeDriver
Capabilities {acceptInsecureCerts: false, browserName: chrome, browserVersion: 122.0.6261.70, chrome: {chromedriverVersion: 121.0.6167.85 (3f98d690ad7e..., userDataDir: C:\Users\ARKA~1.DEY\AppData...}, fedcm:accounts: true, goog:chromeOptions: {debuggerAddress: localhost:54142}, javascriptEnabled: true, networkConnectionEnabled: false, pageLoadStrategy: normal, platform: WINDOWS, platformName: WINDOWS, proxy: Proxy(), setWindowRect: true, strictFileInteractability: false, timeouts: {implicit: 0, pageLoad: 300000, script: 30000}, unhandledPromptBehavior: dismiss and notify, webauthn:extension:credBlob: true, webauthn:extension:largeBlob: true, webauthn:extension:minPinLength: true, webauthn:extension:prf: true, webauthn:virtualAuthenticators: true}
Session ID: d4fd12f9ae9150bc4b48591335506f6e
*** Element info: {Using=xpath, value=//table[@id=&amp;apos;myTable&amp;apos;]//tbody//tr[1]//td[8]}">
      <![CDATA[java.lang.AssertionError: Error Message : Error during verifying the presence of Element: no such element: Unable to locate element: {"method":"xpath","selector":"//table[@id='myTable']//tbody//tr[1]//td[8]"}
  (Session info: chrome=122.0.6261.70)
For documentation on this error, please visit: https://www.seleniumhq.org/exceptions/no_such_element.html
Build info: version: '3.141.59', revision: 'e82be7d358', time: '2018-11-14T08:17:03'
System info: host: 'MJLT-1563', ip: '172.16.6.158', os.name: 'Windows 10', os.arch: 'amd64', os.version: '10.0', java.version: '1.8.0_351'
Driver info: org.openqa.selenium.chrome.ChromeDriver
Capabilities {acceptInsecureCerts: false, browserName: chrome, browserVersion: 122.0.6261.70, chrome: {chromedriverVersion: 121.0.6167.85 (3f98d690ad7e..., userDataDir: C:\Users\ARKA~1.DEY\AppData...}, fedcm:accounts: true, goog:chromeOptions: {debuggerAddress: localhost:54142}, javascriptEnabled: true, networkConnectionEnabled: false, pageLoadStrategy: normal, platform: WINDOWS, platformName: WINDOWS, proxy: Proxy(), setWindowRect: true, strictFileInteractability: false, timeouts: {implicit: 0, pageLoad: 300000, script: 30000}, unhandledPromptBehavior: dismiss and notify, webauthn:extension:credBlob: true, webauthn:extension:largeBlob: true, webauthn:extension:minPinLength: true, webauthn:extension:prf: true, webauthn:virtualAuthenticators: true}
Session ID: d4fd12f9ae9150bc4b48591335506f6e
*** Element info: {Using=xpath, value=//table[@id='myTable']//tbody//tr[1]//td[8]}
at com.baseClasses.AutomationException.<init>(AutomationException.java:11)
at com.baseClasses.BaseClass_Web.IsElementPresent(BaseClass_Web.java:426)
at com.components.eTenderComponent.submittedBid_Tab_Validation(eTenderComponent.java:11453)
at com.testScripts_mjunction.TG1_TC_Evaluation_11_Openingapproval_Y_Evaluationapproval_Y.Tender_Evaluation_with_OpeningApproval_Y_Evaluationapproval_Y(TG1_TC_Evaluation_11_Openingapproval_Y_Evaluationapproval_Y.java:114)
at java.util.ArrayList.forEach(Unknown Source)
... Removed 27 stack frames]]>
    </failure>
  </testcase> <!-- Tender_Evaluation_with_OpeningApproval_Y_Evaluationapproval_Y -->
</testsuite> <!-- Test -->
