<?xml version="1.0" encoding="UTF-8"?>
<!-- Generated by org.testng.reporters.JUnitXMLReporter -->
<testsuite hostname="MJLT-2170" ignored="0" name="Test" tests="1" failures="1" timestamp="2024-03-19T13:20:33 IST" time="3412.334" errors="0">
  <testcase name="Tender_Evaluation_with_OpeningApproval_N_Evaluationapproval_Y_NegotiateOnebidder_ApproveTwobidder" time="3385.061" classname="com.testScripts_mjunction.TG1_TC_Evaluation_12_Openingapproval_N_Regression_Evaluationapproval_Y">
    <failure type="java.lang.AssertionError" message="Error Message : Error during verifying the presence of Element: no such element: Unable to locate element: {&amp;quot;method&amp;quot;:&amp;quot;xpath&amp;quot;,&amp;quot;selector&amp;quot;:&amp;quot;(//td[@class=&amp;apos;ng-binding&amp;apos;])[2]&amp;quot;}
  (Session info: chrome=122.0.6261.129)
For documentation on this error, please visit: https://www.seleniumhq.org/exceptions/no_such_element.html
Build info: version: &amp;apos;3.141.59&amp;apos;, revision: &amp;apos;e82be7d358&amp;apos;, time: &amp;apos;2018-11-14T08:17:03&amp;apos;
System info: host: &amp;apos;MJLT-2170&amp;apos;, ip: &amp;apos;172.16.19.162&amp;apos;, os.name: &amp;apos;Windows 10&amp;apos;, os.arch: &amp;apos;amd64&amp;apos;, os.version: &amp;apos;10.0&amp;apos;, java.version: &amp;apos;1.8.0_192&amp;apos;
Driver info: org.openqa.selenium.chrome.ChromeDriver
Capabilities {acceptInsecureCerts: false, browserName: chrome, browserVersion: 122.0.6261.129, chrome: {chromedriverVersion: 121.0.6167.85 (3f98d690ad7e..., userDataDir: C:\Users\PAVEL~1.BAI\AppDat...}, fedcm:accounts: true, goog:chromeOptions: {debuggerAddress: localhost:53916}, javascriptEnabled: true, networkConnectionEnabled: false, pageLoadStrategy: normal, platform: WINDOWS, platformName: WINDOWS, proxy: Proxy(), setWindowRect: true, strictFileInteractability: false, timeouts: {implicit: 0, pageLoad: 300000, script: 30000}, unhandledPromptBehavior: dismiss and notify, webauthn:extension:credBlob: true, webauthn:extension:largeBlob: true, webauthn:extension:minPinLength: true, webauthn:extension:prf: true, webauthn:virtualAuthenticators: true}
Session ID: e0d80a47196cbd7389c55356b3207428
*** Element info: {Using=xpath, value=(//td[@class=&amp;apos;ng-binding&amp;apos;])[2]}">
      <![CDATA[java.lang.AssertionError: Error Message : Error during verifying the presence of Element: no such element: Unable to locate element: {"method":"xpath","selector":"(//td[@class='ng-binding'])[2]"}
  (Session info: chrome=122.0.6261.129)
For documentation on this error, please visit: https://www.seleniumhq.org/exceptions/no_such_element.html
Build info: version: '3.141.59', revision: 'e82be7d358', time: '2018-11-14T08:17:03'
System info: host: 'MJLT-2170', ip: '172.16.19.162', os.name: 'Windows 10', os.arch: 'amd64', os.version: '10.0', java.version: '1.8.0_192'
Driver info: org.openqa.selenium.chrome.ChromeDriver
Capabilities {acceptInsecureCerts: false, browserName: chrome, browserVersion: 122.0.6261.129, chrome: {chromedriverVersion: 121.0.6167.85 (3f98d690ad7e..., userDataDir: C:\Users\PAVEL~1.BAI\AppDat...}, fedcm:accounts: true, goog:chromeOptions: {debuggerAddress: localhost:53916}, javascriptEnabled: true, networkConnectionEnabled: false, pageLoadStrategy: normal, platform: WINDOWS, platformName: WINDOWS, proxy: Proxy(), setWindowRect: true, strictFileInteractability: false, timeouts: {implicit: 0, pageLoad: 300000, script: 30000}, unhandledPromptBehavior: dismiss and notify, webauthn:extension:credBlob: true, webauthn:extension:largeBlob: true, webauthn:extension:minPinLength: true, webauthn:extension:prf: true, webauthn:virtualAuthenticators: true}
Session ID: e0d80a47196cbd7389c55356b3207428
*** Element info: {Using=xpath, value=(//td[@class='ng-binding'])[2]}
at com.baseClasses.AutomationException.<init>(AutomationException.java:11)
at com.baseClasses.BaseClass_Web.IsElementPresent(BaseClass_Web.java:426)
at com.components.eTenderComponent.validateTenderEvaluationTabDetails_WithEvaluatorUser(eTenderComponent.java:6178)
at com.testScripts_mjunction.TG1_TC_Evaluation_12_Openingapproval_N_Regression_Evaluationapproval_Y.Tender_Evaluation_with_OpeningApproval_N_Evaluationapproval_Y_NegotiateOnebidder_ApproveTwobidder(TG1_TC_Evaluation_12_Openingapproval_N_Regression_Evaluationapproval_Y.java:208)
at java.util.ArrayList.forEach(Unknown Source)
... Removed 27 stack frames]]>
    </failure>
  </testcase> <!-- Tender_Evaluation_with_OpeningApproval_N_Evaluationapproval_Y_NegotiateOnebidder_ApproveTwobidder -->
</testsuite> <!-- Test -->
