<?xml version="1.0" encoding="UTF-8"?>
<!-- Generated by org.testng.reporters.JUnitXMLReporter -->
<testsuite hostname="MJLT-1563" ignored="0" name="Test" tests="1" failures="1" timestamp="2023-01-18T17:29:58 IST" time="249.107" errors="0">
  <testcase name="Indent_creation_with_approval" time="241.366" classname="com.testScripts_mjunction.TG1_TC_Indent_01_Creation_with_approval">
    <failure type="java.lang.AssertionError" message="Error Message : Error in selecting value from dropdown: Cannot locate element with text: INR - INDIAN RUPEE
For documentation on this error, please visit: https://www.seleniumhq.org/exceptions/no_such_element.html
Build info: version: &amp;apos;3.141.59&amp;apos;, revision: &amp;apos;e82be7d358&amp;apos;, time: &amp;apos;2018-11-14T08:17:03&amp;apos;
System info: host: &amp;apos;MJLT-1563&amp;apos;, ip: &amp;apos;192.168.29.182&amp;apos;, os.name: &amp;apos;Windows 10&amp;apos;, os.arch: &amp;apos;amd64&amp;apos;, os.version: &amp;apos;10.0&amp;apos;, java.version: &amp;apos;1.8.0_351&amp;apos;
Driver info: driver.version: unknown">
      <![CDATA[java.lang.AssertionError: Error Message : Error in selecting value from dropdown: Cannot locate element with text: INR - INDIAN RUPEE
For documentation on this error, please visit: https://www.seleniumhq.org/exceptions/no_such_element.html
Build info: version: '3.141.59', revision: 'e82be7d358', time: '2018-11-14T08:17:03'
System info: host: 'MJLT-1563', ip: '192.168.29.182', os.name: 'Windows 10', os.arch: 'amd64', os.version: '10.0', java.version: '1.8.0_351'
Driver info: driver.version: unknown
at com.baseClasses.AutomationException.<init>(AutomationException.java:11)
at com.baseClasses.BaseClass_Web.select(BaseClass_Web.java:139)
at com.components.RfqFromIndentComponent.IndentTG1_General_Info_tabvalidation(RfqFromIndentComponent.java:1010)
at com.testScripts_mjunction.TG1_TC_Indent_01_Creation_with_approval.Indent_creation_with_approval(TG1_TC_Indent_01_Creation_with_approval.java:59)
at java.util.ArrayList.forEach(Unknown Source)
... Removed 27 stack frames]]>
    </failure>
  </testcase> <!-- Indent_creation_with_approval -->
</testsuite> <!-- Test -->
