<?xml version="1.0" encoding="UTF-8"?>
<!-- Generated by org.testng.reporters.JUnitXMLReporter -->
<testsuite hostname="MJLT-1563" ignored="0" name="Test" tests="1" failures="1" timestamp="2021-06-11T17:08:21 IST" time="1032.218" errors="0">
  <testcase name="tenderWithCompletedStatusWorkFlowWithThreeBiddersTest" time="986.413" classname="com.testScripts_mjunction.TenderWithCompletedStatusWorkFlowWithThreeBiddersTest">
    <failure type="java.lang.AssertionError" message="Error Message : Unable to click on the field : no such element: Unable to locate element: {&amp;quot;method&amp;quot;:&amp;quot;xpath&amp;quot;,&amp;quot;selector&amp;quot;:&amp;quot;//*[text()=&amp;apos;Bidder Specific Attachment&amp;apos;]&amp;quot;}
  (Session info: chrome=91.0.4472.77)
For documentation on this error, please visit: https://www.seleniumhq.org/exceptions/no_such_element.html
Build info: version: &amp;apos;3.141.59&amp;apos;, revision: &amp;apos;e82be7d358&amp;apos;, time: &amp;apos;2018-11-14T08:17:03&amp;apos;
System info: host: &amp;apos;MJLT-1563&amp;apos;, ip: &amp;apos;192.168.0.106&amp;apos;, os.name: &amp;apos;Windows 10&amp;apos;, os.arch: &amp;apos;amd64&amp;apos;, os.version: &amp;apos;10.0&amp;apos;, java.version: &amp;apos;1.8.0_241&amp;apos;
Driver info: org.openqa.selenium.chrome.ChromeDriver
Capabilities {acceptInsecureCerts: false, browserName: chrome, browserVersion: 91.0.4472.77, chrome: {chromedriverVersion: 91.0.4472.19 (1bf021f248676..., userDataDir: C:\Users\arka.dey\AppData\L...}, goog:chromeOptions: {debuggerAddress: localhost:58714}, javascriptEnabled: true, networkConnectionEnabled: false, pageLoadStrategy: normal, platform: WINDOWS, platformName: WINDOWS, proxy: Proxy(), setWindowRect: true, strictFileInteractability: false, timeouts: {implicit: 0, pageLoad: 300000, script: 30000}, unhandledPromptBehavior: dismiss and notify, webauthn:extension:largeBlob: true, webauthn:virtualAuthenticators: true}
Session ID: 99e2981b6f0e836953daa6d731973e24
*** Element info: {Using=xpath, value=//*[text()=&amp;apos;Bidder Specific Attachment&amp;apos;]}">
      <![CDATA[java.lang.AssertionError: Error Message : Unable to click on the field : no such element: Unable to locate element: {"method":"xpath","selector":"//*[text()='Bidder Specific Attachment']"}
  (Session info: chrome=91.0.4472.77)
For documentation on this error, please visit: https://www.seleniumhq.org/exceptions/no_such_element.html
Build info: version: '3.141.59', revision: 'e82be7d358', time: '2018-11-14T08:17:03'
System info: host: 'MJLT-1563', ip: '192.168.0.106', os.name: 'Windows 10', os.arch: 'amd64', os.version: '10.0', java.version: '1.8.0_241'
Driver info: org.openqa.selenium.chrome.ChromeDriver
Capabilities {acceptInsecureCerts: false, browserName: chrome, browserVersion: 91.0.4472.77, chrome: {chromedriverVersion: 91.0.4472.19 (1bf021f248676..., userDataDir: C:\Users\arka.dey\AppData\L...}, goog:chromeOptions: {debuggerAddress: localhost:58714}, javascriptEnabled: true, networkConnectionEnabled: false, pageLoadStrategy: normal, platform: WINDOWS, platformName: WINDOWS, proxy: Proxy(), setWindowRect: true, strictFileInteractability: false, timeouts: {implicit: 0, pageLoad: 300000, script: 30000}, unhandledPromptBehavior: dismiss and notify, webauthn:extension:largeBlob: true, webauthn:virtualAuthenticators: true}
Session ID: 99e2981b6f0e836953daa6d731973e24
*** Element info: {Using=xpath, value=//*[text()='Bidder Specific Attachment']}
at com.baseClasses.AutomationException.<init>(AutomationException.java:11)
at com.baseClasses.BaseClass_Web.click(BaseClass_Web.java:88)
at com.components.eTenderComponent.mandatoryFieldValidation_attachmentsTab(eTenderComponent.java:10303)
at com.testScripts_mjunction.TenderWithCompletedStatusWorkFlowWithThreeBiddersTest.tenderWithCompletedStatusWorkFlowWithThreeBiddersTest(TenderWithCompletedStatusWorkFlowWithThreeBiddersTest.java:105)
at java.util.ArrayList.forEach(ArrayList.java:1257)
... Removed 27 stack frames]]>
    </failure>
  </testcase> <!-- tenderWithCompletedStatusWorkFlowWithThreeBiddersTest -->
</testsuite> <!-- Test -->
