<?xml version="1.0" encoding="UTF-8"?>
<!-- Generated by org.testng.reporters.JUnitXMLReporter -->
<testsuite hostname="MJLT-2170" ignored="0" name="Test" tests="1" failures="1" timestamp="2024-03-18T18:55:49 IST" time="166.532" errors="0">
  <testcase name="Create3StagesGRN_WithoutApprovalFlow" time="156.685" classname="com.testScripts_mjunction.TG1_TC_GRN_Create3StagesGRN_From_Indent_E2E">
    <failure type="java.lang.AssertionError" message="Failed Due to Expected condition failed: waiting for visibility of element located by By.xpath: //table[contains(@id,&amp;apos;myTable&amp;apos;)]//tr[@class=&amp;apos;ng-scope&amp;apos;]//td[contains(text(),&amp;apos;1033&amp;apos;)] (tried for 20 second(s) with 500 milliseconds interval)">
      <![CDATA[java.lang.AssertionError: Failed Due to Expected condition failed: waiting for visibility of element located by By.xpath: //table[contains(@id,'myTable')]//tr[@class='ng-scope']//td[contains(text(),'1033')] (tried for 20 second(s) with 500 milliseconds interval)
at com.components.ASN_GRNComponent.GoToApprovalworkFlowPendingGRNAndSearchTheGRN(ASN_GRNComponent.java:3320)
at com.testScripts_mjunction.TG1_TC_GRN_Create3StagesGRN_From_Indent_E2E.Create3StagesGRN_WithoutApprovalFlow(TG1_TC_GRN_Create3StagesGRN_From_Indent_E2E.java:385)
at java.util.ArrayList.forEach(Unknown Source)
... Removed 28 stack frames]]>
    </failure>
  </testcase> <!-- Create3StagesGRN_WithoutApprovalFlow -->
</testsuite> <!-- Test -->
