<?xml version="1.0" encoding="UTF-8"?>
<!-- Generated by org.testng.reporters.JUnitXMLReporter -->
<testsuite hostname="MJLT-1563" ignored="0" name="Test" tests="1" failures="1" timestamp="2022-12-20T11:27:33 IST" time="257.499" errors="0">
  <testcase name="Indent_creation_with_approval" time="248.881" classname="com.testScripts_mjunction.TG1_TC_Indent_01_Creation_with_approval">
    <failure type="java.lang.AssertionError" message="Error Message : Unable to click on the field : element not interactable
  (Session info: chrome=108.0.5359.125)
Build info: version: &amp;apos;3.141.59&amp;apos;, revision: &amp;apos;e82be7d358&amp;apos;, time: &amp;apos;2018-11-14T08:17:03&amp;apos;
System info: host: &amp;apos;MJLT-1563&amp;apos;, ip: &amp;apos;192.168.29.182&amp;apos;, os.name: &amp;apos;Windows 10&amp;apos;, os.arch: &amp;apos;amd64&amp;apos;, os.version: &amp;apos;10.0&amp;apos;, java.version: &amp;apos;1.8.0_351&amp;apos;
Driver info: org.openqa.selenium.chrome.ChromeDriver
Capabilities {acceptInsecureCerts: false, browserName: chrome, browserVersion: 108.0.5359.125, chrome: {chromedriverVersion: 108.0.5359.71 (1e0e3868ee06..., userDataDir: C:\Users\ARKA~1.DEY\AppData...}, goog:chromeOptions: {debuggerAddress: localhost:58180}, javascriptEnabled: true, networkConnectionEnabled: false, pageLoadStrategy: normal, platform: WINDOWS, platformName: WINDOWS, proxy: Proxy(), setWindowRect: true, strictFileInteractability: false, timeouts: {implicit: 0, pageLoad: 300000, script: 30000}, unhandledPromptBehavior: dismiss and notify, webauthn:extension:credBlob: true, webauthn:extension:largeBlob: true, webauthn:virtualAuthenticators: true}
Session ID: 45fe4d6d3957eac8bf3990383fe0c946">
      <![CDATA[java.lang.AssertionError: Error Message : Unable to click on the field : element not interactable
  (Session info: chrome=108.0.5359.125)
Build info: version: '3.141.59', revision: 'e82be7d358', time: '2018-11-14T08:17:03'
System info: host: 'MJLT-1563', ip: '192.168.29.182', os.name: 'Windows 10', os.arch: 'amd64', os.version: '10.0', java.version: '1.8.0_351'
Driver info: org.openqa.selenium.chrome.ChromeDriver
Capabilities {acceptInsecureCerts: false, browserName: chrome, browserVersion: 108.0.5359.125, chrome: {chromedriverVersion: 108.0.5359.71 (1e0e3868ee06..., userDataDir: C:\Users\ARKA~1.DEY\AppData...}, goog:chromeOptions: {debuggerAddress: localhost:58180}, javascriptEnabled: true, networkConnectionEnabled: false, pageLoadStrategy: normal, platform: WINDOWS, platformName: WINDOWS, proxy: Proxy(), setWindowRect: true, strictFileInteractability: false, timeouts: {implicit: 0, pageLoad: 300000, script: 30000}, unhandledPromptBehavior: dismiss and notify, webauthn:extension:credBlob: true, webauthn:extension:largeBlob: true, webauthn:virtualAuthenticators: true}
Session ID: 45fe4d6d3957eac8bf3990383fe0c946
at com.baseClasses.AutomationException.<init>(AutomationException.java:11)
at com.baseClasses.BaseClass_Web.click(BaseClass_Web.java:88)
at com.components.RfqFromIndentComponent.IndentTG1_BOM_Services_tabvalidation(RfqFromIndentComponent.java:1536)
at com.testScripts_mjunction.TG1_TC_Indent_01_Creation_with_approval.Indent_creation_with_approval(TG1_TC_Indent_01_Creation_with_approval.java:63)
at java.util.ArrayList.forEach(Unknown Source)
... Removed 27 stack frames]]>
    </failure>
  </testcase> <!-- Indent_creation_with_approval -->
</testsuite> <!-- Test -->
