<?xml version="1.0" encoding="UTF-8"?>
<!-- Generated by org.testng.reporters.JUnitXMLReporter -->
<testsuite hostname="MJLT-1563" ignored="0" name="Test" tests="1" failures="1" timestamp="2024-02-08T23:22:31 IST" time="432.48" errors="0">
  <testcase name="Tender_Evaluation_with_OpeningApproval_Y_Evaluationapproval_Y" time="415.574" classname="com.testScripts_mjunction.TG1_TC_Evaluation_11_Openingapproval_Y_Evaluationapproval_Y_Backup">
    <failure type="java.lang.AssertionError" message="expected [false] but found [true]">
      <![CDATA[java.lang.AssertionError: expected [false] but found [true]
at com.components.eTenderComponent.assertFail(eTenderComponent.java:15808)
at com.testScripts_mjunction.TG1_TC_Evaluation_11_Openingapproval_Y_Evaluationapproval_Y_Backup.Tender_Evaluation_with_OpeningApproval_Y_Evaluationapproval_Y(TG1_TC_Evaluation_11_Openingapproval_Y_Evaluationapproval_Y_Backup.java:133)
at java.util.ArrayList.forEach(Unknown Source)
... Removed 31 stack frames]]>
    </failure>
  </testcase> <!-- Tender_Evaluation_with_OpeningApproval_Y_Evaluationapproval_Y -->
</testsuite> <!-- Test -->
