<?xml version="1.0" encoding="UTF-8"?>
<!-- Generated by org.testng.reporters.JUnitXMLReporter -->
<testsuite hostname="MJLT-1762" ignored="0" name="Test" tests="1" failures="1" timestamp="2024-03-28T18:31:10 IST" time="125.948" errors="0">
  <testcase name="Indent_creation_with_approval" time="117.787" classname="com.testScripts_mjunction.TG1_TC_Indent_01_Creation_with_approval">
    <failure type="java.lang.AssertionError" message="Error Message : Unable to click on the field : element click intercepted: Element &amp;lt;button data-bs-toggle=&amp;quot;tab&amp;quot; type=&amp;quot;button&amp;quot; role=&amp;quot;tab&amp;quot; aria-selected=&amp;quot;true&amp;quot; class=&amp;quot;nav-link creationTabCls ng-star-inserted&amp;quot; id=&amp;quot;rdcis_indnt_dtls_final_mm-tab&amp;quot; data-bs-target=&amp;quot;#_rdcis_indnt_dtls_final_mm&amp;quot; aria-controls=&amp;quot;_rdcis_indnt_dtls_final_mm&amp;quot;&amp;gt;...&amp;lt;/button&amp;gt; is not clickable at point (204, 174). Other element would receive the click: &amp;lt;div _ngcontent-pqa-c62=&amp;quot;&amp;quot; class=&amp;quot;ngx-overlay loading-foreground&amp;quot; style=&amp;quot;background-color: rgba(40, 40, 40, 0.8); border-radius: 0px;&amp;quot;&amp;gt;...&amp;lt;/div&amp;gt;
  (Session info: chrome=123.0.6312.86)
Build info: version: &amp;apos;3.141.59&amp;apos;, revision: &amp;apos;e82be7d358&amp;apos;, time: &amp;apos;2018-11-14T08:17:03&amp;apos;
System info: host: &amp;apos;MJLT-1762&amp;apos;, ip: &amp;apos;172.16.16.197&amp;apos;, os.name: &amp;apos;Windows 10&amp;apos;, os.arch: &amp;apos;amd64&amp;apos;, os.version: &amp;apos;10.0&amp;apos;, java.version: &amp;apos;1.8.0_192&amp;apos;
Driver info: org.openqa.selenium.chrome.ChromeDriver
Capabilities {acceptInsecureCerts: false, browserName: chrome, browserVersion: 123.0.6312.86, chrome: {chromedriverVersion: 123.0.6312.58 (6b4b19e9dfbb..., userDataDir: C:\Users\SOURAV~1.DUT\AppDa...}, fedcm:accounts: true, goog:chromeOptions: {debuggerAddress: localhost:63960}, javascriptEnabled: true, networkConnectionEnabled: false, pageLoadStrategy: normal, platform: WINDOWS, platformName: WINDOWS, proxy: Proxy(), setWindowRect: true, strictFileInteractability: false, timeouts: {implicit: 0, pageLoad: 300000, script: 30000}, unhandledPromptBehavior: dismiss and notify, webauthn:extension:credBlob: true, webauthn:extension:largeBlob: true, webauthn:extension:minPinLength: true, webauthn:extension:prf: true, webauthn:virtualAuthenticators: true}
Session ID: 203e87a7a971e4e07876e6e45f0d1d0b">
      <![CDATA[java.lang.AssertionError: Error Message : Unable to click on the field : element click intercepted: Element <button data-bs-toggle="tab" type="button" role="tab" aria-selected="true" class="nav-link creationTabCls ng-star-inserted" id="rdcis_indnt_dtls_final_mm-tab" data-bs-target="#_rdcis_indnt_dtls_final_mm" aria-controls="_rdcis_indnt_dtls_final_mm">...</button> is not clickable at point (204, 174). Other element would receive the click: <div _ngcontent-pqa-c62="" class="ngx-overlay loading-foreground" style="background-color: rgba(40, 40, 40, 0.8); border-radius: 0px;">...</div>
  (Session info: chrome=123.0.6312.86)
Build info: version: '3.141.59', revision: 'e82be7d358', time: '2018-11-14T08:17:03'
System info: host: 'MJLT-1762', ip: '172.16.16.197', os.name: 'Windows 10', os.arch: 'amd64', os.version: '10.0', java.version: '1.8.0_192'
Driver info: org.openqa.selenium.chrome.ChromeDriver
Capabilities {acceptInsecureCerts: false, browserName: chrome, browserVersion: 123.0.6312.86, chrome: {chromedriverVersion: 123.0.6312.58 (6b4b19e9dfbb..., userDataDir: C:\Users\SOURAV~1.DUT\AppDa...}, fedcm:accounts: true, goog:chromeOptions: {debuggerAddress: localhost:63960}, javascriptEnabled: true, networkConnectionEnabled: false, pageLoadStrategy: normal, platform: WINDOWS, platformName: WINDOWS, proxy: Proxy(), setWindowRect: true, strictFileInteractability: false, timeouts: {implicit: 0, pageLoad: 300000, script: 30000}, unhandledPromptBehavior: dismiss and notify, webauthn:extension:credBlob: true, webauthn:extension:largeBlob: true, webauthn:extension:minPinLength: true, webauthn:extension:prf: true, webauthn:virtualAuthenticators: true}
Session ID: 203e87a7a971e4e07876e6e45f0d1d0b
at com.baseClasses.AutomationException.<init>(AutomationException.java:11)
at com.baseClasses.BaseClass_Web.click(BaseClass_Web.java:94)
at com.components.RfqFromIndentComponent.IndentTG1_Indent_Details_tabvalidation(RfqFromIndentComponent.java:1397)
at com.testScripts_mjunction.TG1_TC_Indent_01_Creation_with_approval.Indent_creation_with_approval(TG1_TC_Indent_01_Creation_with_approval.java:60)
at java.util.ArrayList.forEach(Unknown Source)
... Removed 27 stack frames]]>
    </failure>
  </testcase> <!-- Indent_creation_with_approval -->
</testsuite> <!-- Test -->
