<?xml version="1.0" encoding="UTF-8"?>
<testng-results skipped="0" failed="0" ignored="0" total="1" passed="1">
  <reporter-output>
  </reporter-output>
  <suite name="Suite" duration-ms="1002035" started-at="2024-03-03T22:41:52 IST" finished-at="2024-03-03T22:58:34 IST">
    <groups>
    </groups>
    <test name="Test" duration-ms="1002035" started-at="2024-03-03T22:41:52 IST" finished-at="2024-03-03T22:58:34 IST">
      <class name="com.testScripts_mjunction.TG1_TC_GRN_Create3StagesGRN_From_Indent_E2E">
        <test-method status="PASS" signature="setUpSuiteDetails(org.testng.ITestContext)[pri:0, instance:com.testScripts_mjunction.TG1_TC_GRN_Create3StagesGRN_From_Indent_E2E@69fb6037]" name="setUpSuiteDetails" is-config="true" duration-ms="399" started-at="2024-03-03T22:41:52 IST" finished-at="2024-03-03T22:41:52 IST">
          <params>
            <param index="0">
              <value>
                <![CDATA[org.testng.TestRunner@10817f46]]>
              </value>
            </param>
          </params>
          <reporter-output>
          </reporter-output>
        </test-method> <!-- setUpSuiteDetails -->
        <test-method status="PASS" signature="BeforeClass()[pri:0, instance:com.testScripts_mjunction.TG1_TC_GRN_Create3StagesGRN_From_Indent_E2E@69fb6037]" name="BeforeClass" is-config="true" duration-ms="3077" started-at="2024-03-03T22:41:52 IST" finished-at="2024-03-03T22:41:55 IST">
          <reporter-output>
          </reporter-output>
        </test-method> <!-- BeforeClass -->
        <test-method status="PASS" signature="captureDesc(java.lang.reflect.Method)[pri:0, instance:com.testScripts_mjunction.TG1_TC_GRN_Create3StagesGRN_From_Indent_E2E@69fb6037]" name="captureDesc" is-config="true" duration-ms="14" started-at="2024-03-03T22:41:55 IST" finished-at="2024-03-03T22:41:55 IST">
          <params>
            <param index="0">
              <value>
                <![CDATA[public void com.testScripts_mjunction.TG1_TC_GRN_Create3StagesGRN_From_Indent_E2E.Create3StagesGRN_WithoutApprovalFlow(java.lang.String) throws java.lang.Throwable]]>
              </value>
            </param>
          </params>
          <reporter-output>
          </reporter-output>
        </test-method> <!-- captureDesc -->
        <test-method status="PASS" signature="Create3StagesGRN_WithoutApprovalFlow(java.lang.String)[pri:0, instance:com.testScripts_mjunction.TG1_TC_GRN_Create3StagesGRN_From_Indent_E2E@69fb6037]" name="Create3StagesGRN_WithoutApprovalFlow" duration-ms="985662" started-at="2024-03-03T22:41:55 IST" description="TC_GRN_02:Verify the Submit Functionality during Create GRN with approval workflow &amp; Check the GRN Status as Created" finished-at="2024-03-03T22:58:21 IST">
          <params>
            <param index="0">
              <value>
                <![CDATA[11]]>
              </value>
            </param>
          </params>
          <reporter-output>
          </reporter-output>
        </test-method> <!-- Create3StagesGRN_WithoutApprovalFlow -->
        <test-method status="PASS" signature="afterClass()[pri:0, instance:com.testScripts_mjunction.TG1_TC_GRN_Create3StagesGRN_From_Indent_E2E@69fb6037]" name="afterClass" is-config="true" duration-ms="9802" started-at="2024-03-03T22:58:24 IST" finished-at="2024-03-03T22:58:34 IST">
          <reporter-output>
          </reporter-output>
        </test-method> <!-- afterClass -->
        <test-method status="PASS" signature="afterSuite()[pri:0, instance:com.testScripts_mjunction.TG1_TC_GRN_Create3StagesGRN_From_Indent_E2E@69fb6037]" name="afterSuite" is-config="true" duration-ms="61" started-at="2024-03-03T22:58:34 IST" finished-at="2024-03-03T22:58:34 IST">
          <reporter-output>
          </reporter-output>
        </test-method> <!-- afterSuite -->
      </class> <!-- com.testScripts_mjunction.TG1_TC_GRN_Create3StagesGRN_From_Indent_E2E -->
    </test> <!-- Test -->
  </suite> <!-- Suite -->
</testng-results>
