<?xml version="1.0" encoding="UTF-8"?>
<testng-results skipped="0" failed="1" ignored="0" total="1" passed="0">
  <reporter-output>
  </reporter-output>
  <suite name="Suite" duration-ms="86102" started-at="2024-03-26T14:54:40 IST" finished-at="2024-03-26T14:56:06 IST">
    <groups>
    </groups>
    <test name="Test" duration-ms="86102" started-at="2024-03-26T14:54:40 IST" finished-at="2024-03-26T14:56:06 IST">
      <class name="com.dynamicity.CreateTenderFromPR_Dynamically">
        <test-method status="PASS" signature="setUpSuiteDetails(org.testng.ITestContext)[pri:0, instance:com.dynamicity.CreateTenderFromPR_Dynamically@37574691]" name="setUpSuiteDetails" is-config="true" duration-ms="672" started-at="2024-03-26T14:54:40 IST" finished-at="2024-03-26T14:54:40 IST">
          <params>
            <param index="0">
              <value>
                <![CDATA[org.testng.TestRunner@3c8a7e38]]>
              </value>
            </param>
          </params>
          <reporter-output>
          </reporter-output>
        </test-method> <!-- setUpSuiteDetails -->
        <test-method status="PASS" signature="BeforeClass()[pri:0, instance:com.dynamicity.CreateTenderFromPR_Dynamically@37574691]" name="BeforeClass" is-config="true" duration-ms="3146" started-at="2024-03-26T14:54:41 IST" finished-at="2024-03-26T14:54:44 IST">
          <reporter-output>
          </reporter-output>
        </test-method> <!-- BeforeClass -->
        <test-method status="PASS" signature="captureDesc(java.lang.reflect.Method)[pri:0, instance:com.dynamicity.CreateTenderFromPR_Dynamically@37574691]" name="captureDesc" is-config="true" duration-ms="1" started-at="2024-03-26T14:54:44 IST" finished-at="2024-03-26T14:54:44 IST">
          <params>
            <param index="0">
              <value>
                <![CDATA[public void com.dynamicity.CreateTenderFromPR_Dynamically.createTenderFromPR_Dynamically(java.lang.String) throws java.lang.Throwable]]>
              </value>
            </param>
          </params>
          <reporter-output>
          </reporter-output>
        </test-method> <!-- captureDesc -->
        <test-method status="FAIL" signature="createTenderFromPR_Dynamically(java.lang.String)[pri:0, instance:com.dynamicity.CreateTenderFromPR_Dynamically@37574691]" name="createTenderFromPR_Dynamically" duration-ms="69157" started-at="2024-03-26T14:54:44 IST" description="Scenario:1 -Verify mandatory negotiation functionality of a bidder" finished-at="2024-03-26T14:55:53 IST">
          <params>
            <param index="0">
              <value>
                <![CDATA[25]]>
              </value>
            </param>
          </params>
          <exception class="java.lang.RuntimeException">
            <message>
              <![CDATA[Failed to connect to the database]]>
            </message>
            <full-stacktrace>
              <![CDATA[java.lang.RuntimeException: Failed to connect to the database
at com.Database.DatabaseComponent.DatabaseComponent_New(DatabaseComponent.java:43)
at com.Database.DatabaseComponent.encryptedPWD(DatabaseComponent.java:106)
at com.API.API_Component.Login(API_Component.java:2586)
at com.components.Dynamicity.templateGroupDetails(Dynamicity.java:7665)
at com.dynamicity.CreateTenderFromPR_Dynamically.createTenderFromPR_Dynamically(CreateTenderFromPR_Dynamically.java:54)
at sun.reflect.NativeMethodAccessorImpl.invoke0(Native Method)
at sun.reflect.NativeMethodAccessorImpl.invoke(Unknown Source)
at sun.reflect.DelegatingMethodAccessorImpl.invoke(Unknown Source)
at java.lang.reflect.Method.invoke(Unknown Source)
at org.testng.internal.MethodInvocationHelper.invokeMethod(MethodInvocationHelper.java:133)
at org.testng.internal.TestInvoker.invokeMethod(TestInvoker.java:598)
at org.testng.internal.TestInvoker.invokeTestMethod(TestInvoker.java:173)
at org.testng.internal.MethodRunner.runInSequence(MethodRunner.java:46)
at org.testng.internal.TestInvoker$MethodInvocationAgent.invoke(TestInvoker.java:824)
at org.testng.internal.TestInvoker.invokeTestMethods(TestInvoker.java:146)
at org.testng.internal.TestMethodWorker.invokeTestMethods(TestMethodWorker.java:146)
at org.testng.internal.TestMethodWorker.run(TestMethodWorker.java:128)
at java.util.ArrayList.forEach(Unknown Source)
at org.testng.TestRunner.privateRun(TestRunner.java:794)
at org.testng.TestRunner.run(TestRunner.java:596)
at org.testng.SuiteRunner.runTest(SuiteRunner.java:377)
at org.testng.SuiteRunner.runSequentially(SuiteRunner.java:371)
at org.testng.SuiteRunner.privateRun(SuiteRunner.java:332)
at org.testng.SuiteRunner.run(SuiteRunner.java:276)
at org.testng.SuiteRunnerWorker.runSuite(SuiteRunnerWorker.java:53)
at org.testng.SuiteRunnerWorker.run(SuiteRunnerWorker.java:96)
at org.testng.TestNG.runSuitesSequentially(TestNG.java:1212)
at org.testng.TestNG.runSuitesLocally(TestNG.java:1134)
at org.testng.TestNG.runSuites(TestNG.java:1063)
at org.testng.TestNG.run(TestNG.java:1031)
at org.testng.remote.AbstractRemoteTestNG.run(AbstractRemoteTestNG.java:115)
at org.testng.remote.RemoteTestNG.initAndRun(RemoteTestNG.java:251)
at org.testng.remote.RemoteTestNG.main(RemoteTestNG.java:77)
]]>
            </full-stacktrace>
          </exception> <!-- java.lang.RuntimeException -->
          <reporter-output>
          </reporter-output>
        </test-method> <!-- createTenderFromPR_Dynamically -->
        <test-method status="PASS" signature="afterClass()[pri:0, instance:com.dynamicity.CreateTenderFromPR_Dynamically@37574691]" name="afterClass" is-config="true" duration-ms="9749" started-at="2024-03-26T14:55:57 IST" finished-at="2024-03-26T14:56:06 IST">
          <reporter-output>
          </reporter-output>
        </test-method> <!-- afterClass -->
        <test-method status="PASS" signature="afterSuite()[pri:0, instance:com.dynamicity.CreateTenderFromPR_Dynamically@37574691]" name="afterSuite" is-config="true" duration-ms="92" started-at="2024-03-26T14:56:07 IST" finished-at="2024-03-26T14:56:07 IST">
          <reporter-output>
          </reporter-output>
        </test-method> <!-- afterSuite -->
      </class> <!-- com.dynamicity.CreateTenderFromPR_Dynamically -->
    </test> <!-- Test -->
  </suite> <!-- Suite -->
</testng-results>
