<?xml version="1.0" encoding="UTF-8"?>
<testng-results skipped="0" failed="0" ignored="0" total="1" passed="1">
  <reporter-output>
  </reporter-output>
  <suite name="Suite" duration-ms="368392" started-at="2024-02-28T18:01:00 IST" finished-at="2024-02-28T18:07:08 IST">
    <groups>
    </groups>
    <test name="Test" duration-ms="368392" started-at="2024-02-28T18:01:00 IST" finished-at="2024-02-28T18:07:08 IST">
      <class name="com.testScripts_mjunction.TC_EPS_PO_01_No_Approval">
        <test-method status="PASS" signature="setUpSuiteDetails(org.testng.ITestContext)[pri:0, instance:com.testScripts_mjunction.TC_EPS_PO_01_No_Approval@515aebb0]" name="setUpSuiteDetails" is-config="true" duration-ms="116" started-at="2024-02-28T18:01:00 IST" finished-at="2024-02-28T18:01:00 IST">
          <params>
            <param index="0">
              <value>
                <![CDATA[org.testng.TestRunner@5d66e944]]>
              </value>
            </param>
          </params>
          <reporter-output>
          </reporter-output>
        </test-method> <!-- setUpSuiteDetails -->
        <test-method status="PASS" signature="BeforeClass()[pri:0, instance:com.testScripts_mjunction.TC_EPS_PO_01_No_Approval@515aebb0]" name="BeforeClass" is-config="true" duration-ms="3014" started-at="2024-02-28T18:01:00 IST" finished-at="2024-02-28T18:01:03 IST">
          <reporter-output>
          </reporter-output>
        </test-method> <!-- BeforeClass -->
        <test-method status="PASS" signature="f(java.lang.String)[pri:0, instance:com.testScripts_mjunction.TC_EPS_PO_01_No_Approval@515aebb0]" name="f" duration-ms="355630" started-at="2024-02-28T18:01:03 IST" description="Scenario:1 - Verify the functionality of End to End workflow of Sanction Note" finished-at="2024-02-28T18:06:59 IST">
          <params>
            <param index="0">
              <value>
                <![CDATA[8]]>
              </value>
            </param>
          </params>
          <reporter-output>
          </reporter-output>
        </test-method> <!-- f -->
        <test-method status="PASS" signature="captureDesc(java.lang.reflect.Method)[pri:0, instance:com.testScripts_mjunction.TC_EPS_PO_01_No_Approval@515aebb0]" name="captureDesc" is-config="true" duration-ms="0" started-at="2024-02-28T18:01:03 IST" finished-at="2024-02-28T18:01:03 IST">
          <params>
            <param index="0">
              <value>
                <![CDATA[public void com.testScripts_mjunction.TC_EPS_PO_01_No_Approval.f(java.lang.String) throws java.lang.Throwable]]>
              </value>
            </param>
          </params>
          <reporter-output>
          </reporter-output>
        </test-method> <!-- captureDesc -->
        <test-method status="PASS" signature="afterClass()[pri:0, instance:com.testScripts_mjunction.TC_EPS_PO_01_No_Approval@515aebb0]" name="afterClass" is-config="true" duration-ms="6383" started-at="2024-02-28T18:07:02 IST" finished-at="2024-02-28T18:07:08 IST">
          <reporter-output>
          </reporter-output>
        </test-method> <!-- afterClass -->
        <test-method status="PASS" signature="afterSuite()[pri:0, instance:com.testScripts_mjunction.TC_EPS_PO_01_No_Approval@515aebb0]" name="afterSuite" is-config="true" duration-ms="29" started-at="2024-02-28T18:07:08 IST" finished-at="2024-02-28T18:07:08 IST">
          <reporter-output>
          </reporter-output>
        </test-method> <!-- afterSuite -->
      </class> <!-- com.testScripts_mjunction.TC_EPS_PO_01_No_Approval -->
    </test> <!-- Test -->
  </suite> <!-- Suite -->
</testng-results>
