<?xml version="1.0" encoding="UTF-8"?>
<testng-results skipped="0" failed="1" ignored="0" total="1" passed="0">
  <reporter-output>
  </reporter-output>
  <suite name="Suite" duration-ms="187639" started-at="2024-03-27T12:25:53 IST" finished-at="2024-03-27T12:29:00 IST">
    <groups>
    </groups>
    <test name="Test" duration-ms="187639" started-at="2024-03-27T12:25:53 IST" finished-at="2024-03-27T12:29:00 IST">
      <class name="com.testScripts_mjunction.TG1_TC_Evaluation_12_Openingapproval_N_Regression_Evaluationapproval_Y">
        <test-method status="PASS" signature="setUpSuiteDetails(org.testng.ITestContext)[pri:0, instance:com.testScripts_mjunction.TG1_TC_Evaluation_12_Openingapproval_N_Regression_Evaluationapproval_Y@55141def]" name="setUpSuiteDetails" is-config="true" duration-ms="146" started-at="2024-03-27T12:25:53 IST" finished-at="2024-03-27T12:25:53 IST">
          <params>
            <param index="0">
              <value>
                <![CDATA[org.testng.TestRunner@5eccd3b9]]>
              </value>
            </param>
          </params>
          <reporter-output>
          </reporter-output>
        </test-method> <!-- setUpSuiteDetails -->
        <test-method status="PASS" signature="BeforeClass()[pri:0, instance:com.testScripts_mjunction.TG1_TC_Evaluation_12_Openingapproval_N_Regression_Evaluationapproval_Y@55141def]" name="BeforeClass" is-config="true" duration-ms="3041" started-at="2024-03-27T12:25:53 IST" finished-at="2024-03-27T12:25:56 IST">
          <reporter-output>
          </reporter-output>
        </test-method> <!-- BeforeClass -->
        <test-method status="PASS" signature="captureDesc(java.lang.reflect.Method)[pri:0, instance:com.testScripts_mjunction.TG1_TC_Evaluation_12_Openingapproval_N_Regression_Evaluationapproval_Y@55141def]" name="captureDesc" is-config="true" duration-ms="0" started-at="2024-03-27T12:25:56 IST" finished-at="2024-03-27T12:25:56 IST">
          <params>
            <param index="0">
              <value>
                <![CDATA[public void com.testScripts_mjunction.TG1_TC_Evaluation_12_Openingapproval_N_Regression_Evaluationapproval_Y.Tender_Evaluation_with_OpeningApproval_N_Evaluationapproval_Y_NegotiateOnebidder_ApproveTwobidder(java.lang.String) throws java.lang.Throwable]]>
              </value>
            </param>
          </params>
          <reporter-output>
          </reporter-output>
        </test-method> <!-- captureDesc -->
        <test-method status="FAIL" signature="Tender_Evaluation_with_OpeningApproval_N_Evaluationapproval_Y_NegotiateOnebidder_ApproveTwobidder(java.lang.String)[pri:0, instance:com.testScripts_mjunction.TG1_TC_Evaluation_12_Openingapproval_N_Regression_Evaluationapproval_Y@55141def]" name="Tender_Evaluation_with_OpeningApproval_N_Evaluationapproval_Y_NegotiateOnebidder_ApproveTwobidder" duration-ms="175319" started-at="2024-03-27T12:25:56 IST" description="Tender_Evaluation_with_OpeningApproval_N_Evaluationapproval_Y_NegotiateOnebidder_ApproveTwobidder_RFQ_from_Indent" finished-at="2024-03-27T12:28:51 IST">
          <params>
            <param index="0">
              <value>
                <![CDATA[11]]>
              </value>
            </param>
          </params>
          <exception class="java.lang.AssertionError">
            <message>
              <![CDATA[Error Message : Error in clearing the text in element: no such element: Unable to locate element: {"method":"xpath","selector":"//textarea[@id='rdcis_quotatn_trms_cnditn.Evaluator_Remarks.0']"}
  (Session info: chrome=123.0.6312.59)
For documentation on this error, please visit: https://www.seleniumhq.org/exceptions/no_such_element.html
Build info: version: '3.141.59', revision: 'e82be7d358', time: '2018-11-14T08:17:03'
System info: host: 'MJLT-2170', ip: '172.16.17.67', os.name: 'Windows 10', os.arch: 'amd64', os.version: '10.0', java.version: '1.8.0_192'
Driver info: org.openqa.selenium.chrome.ChromeDriver
Capabilities {acceptInsecureCerts: false, browserName: chrome, browserVersion: 123.0.6312.59, chrome: {chromedriverVersion: 123.0.6312.58 (6b4b19e9dfbb..., userDataDir: C:\Users\PAVEL~1.BAI\AppDat...}, fedcm:accounts: true, goog:chromeOptions: {debuggerAddress: localhost:57436}, javascriptEnabled: true, networkConnectionEnabled: false, pageLoadStrategy: normal, platform: WINDOWS, platformName: WINDOWS, proxy: Proxy(), setWindowRect: true, strictFileInteractability: false, timeouts: {implicit: 0, pageLoad: 300000, script: 30000}, unhandledPromptBehavior: dismiss and notify, webauthn:extension:credBlob: true, webauthn:extension:largeBlob: true, webauthn:extension:minPinLength: true, webauthn:extension:prf: true, webauthn:virtualAuthenticators: true}
Session ID: 851bdfe21332913800c16d9e1e4abeef
*** Element info: {Using=xpath, value=//textarea[@id='rdcis_quotatn_trms_cnditn.Evaluator_Remarks.0']}]]>
            </message>
            <full-stacktrace>
              <![CDATA[java.lang.AssertionError: Error Message : Error in clearing the text in element: no such element: Unable to locate element: {"method":"xpath","selector":"//textarea[@id='rdcis_quotatn_trms_cnditn.Evaluator_Remarks.0']"}
  (Session info: chrome=123.0.6312.59)
For documentation on this error, please visit: https://www.seleniumhq.org/exceptions/no_such_element.html
Build info: version: '3.141.59', revision: 'e82be7d358', time: '2018-11-14T08:17:03'
System info: host: 'MJLT-2170', ip: '172.16.17.67', os.name: 'Windows 10', os.arch: 'amd64', os.version: '10.0', java.version: '1.8.0_192'
Driver info: org.openqa.selenium.chrome.ChromeDriver
Capabilities {acceptInsecureCerts: false, browserName: chrome, browserVersion: 123.0.6312.59, chrome: {chromedriverVersion: 123.0.6312.58 (6b4b19e9dfbb..., userDataDir: C:\Users\PAVEL~1.BAI\AppDat...}, fedcm:accounts: true, goog:chromeOptions: {debuggerAddress: localhost:57436}, javascriptEnabled: true, networkConnectionEnabled: false, pageLoadStrategy: normal, platform: WINDOWS, platformName: WINDOWS, proxy: Proxy(), setWindowRect: true, strictFileInteractability: false, timeouts: {implicit: 0, pageLoad: 300000, script: 30000}, unhandledPromptBehavior: dismiss and notify, webauthn:extension:credBlob: true, webauthn:extension:largeBlob: true, webauthn:extension:minPinLength: true, webauthn:extension:prf: true, webauthn:virtualAuthenticators: true}
Session ID: 851bdfe21332913800c16d9e1e4abeef
*** Element info: {Using=xpath, value=//textarea[@id='rdcis_quotatn_trms_cnditn.Evaluator_Remarks.0']}
at com.baseClasses.AutomationException.<init>(AutomationException.java:11)
at com.baseClasses.BaseClass_Web.clear(BaseClass_Web.java:136)
at com.components.eTenderComponent.TG1_EvaluatorRemarks_cover1(eTenderComponent.java:14762)
at com.components.eTenderComponent.evaluateSupplier(eTenderComponent.java:14715)
at com.testScripts_mjunction.TG1_TC_Evaluation_12_Openingapproval_N_Regression_Evaluationapproval_Y.Tender_Evaluation_with_OpeningApproval_N_Evaluationapproval_Y_NegotiateOnebidder_ApproveTwobidder(TG1_TC_Evaluation_12_Openingapproval_N_Regression_Evaluationapproval_Y.java:194)
at sun.reflect.NativeMethodAccessorImpl.invoke0(Native Method)
at sun.reflect.NativeMethodAccessorImpl.invoke(Unknown Source)
at sun.reflect.DelegatingMethodAccessorImpl.invoke(Unknown Source)
at java.lang.reflect.Method.invoke(Unknown Source)
at org.testng.internal.MethodInvocationHelper.invokeMethod(MethodInvocationHelper.java:132)
at org.testng.internal.TestInvoker.invokeMethod(TestInvoker.java:599)
at org.testng.internal.TestInvoker.invokeTestMethod(TestInvoker.java:174)
at org.testng.internal.MethodRunner.runInSequence(MethodRunner.java:46)
at org.testng.internal.TestInvoker$MethodInvocationAgent.invoke(TestInvoker.java:822)
at org.testng.internal.TestInvoker.invokeTestMethods(TestInvoker.java:147)
at org.testng.internal.TestMethodWorker.invokeTestMethods(TestMethodWorker.java:146)
at org.testng.internal.TestMethodWorker.run(TestMethodWorker.java:128)
at java.util.ArrayList.forEach(Unknown Source)
at org.testng.TestRunner.privateRun(TestRunner.java:764)
at org.testng.TestRunner.run(TestRunner.java:585)
at org.testng.SuiteRunner.runTest(SuiteRunner.java:384)
at org.testng.SuiteRunner.runSequentially(SuiteRunner.java:378)
at org.testng.SuiteRunner.privateRun(SuiteRunner.java:337)
at org.testng.SuiteRunner.run(SuiteRunner.java:286)
at org.testng.SuiteRunnerWorker.runSuite(SuiteRunnerWorker.java:53)
at org.testng.SuiteRunnerWorker.run(SuiteRunnerWorker.java:96)
at org.testng.TestNG.runSuitesSequentially(TestNG.java:1218)
at org.testng.TestNG.runSuitesLocally(TestNG.java:1140)
at org.testng.TestNG.runSuites(TestNG.java:1069)
at org.testng.TestNG.run(TestNG.java:1037)
at org.testng.remote.AbstractRemoteTestNG.run(AbstractRemoteTestNG.java:115)
at org.testng.remote.RemoteTestNG.initAndRun(RemoteTestNG.java:251)
at org.testng.remote.RemoteTestNG.main(RemoteTestNG.java:77)
]]>
            </full-stacktrace>
          </exception> <!-- java.lang.AssertionError -->
          <reporter-output>
          </reporter-output>
        </test-method> <!-- Tender_Evaluation_with_OpeningApproval_N_Evaluationapproval_Y_NegotiateOnebidder_ApproveTwobidder -->
        <test-method status="PASS" signature="afterClass()[pri:0, instance:com.testScripts_mjunction.TG1_TC_Evaluation_12_Openingapproval_N_Regression_Evaluationapproval_Y@55141def]" name="afterClass" is-config="true" duration-ms="5970" started-at="2024-03-27T12:28:54 IST" finished-at="2024-03-27T12:29:00 IST">
          <reporter-output>
          </reporter-output>
        </test-method> <!-- afterClass -->
        <test-method status="PASS" signature="afterSuite()[pri:0, instance:com.testScripts_mjunction.TG1_TC_Evaluation_12_Openingapproval_N_Regression_Evaluationapproval_Y@55141def]" name="afterSuite" is-config="true" duration-ms="46" started-at="2024-03-27T12:29:01 IST" finished-at="2024-03-27T12:29:01 IST">
          <reporter-output>
          </reporter-output>
        </test-method> <!-- afterSuite -->
      </class> <!-- com.testScripts_mjunction.TG1_TC_Evaluation_12_Openingapproval_N_Regression_Evaluationapproval_Y -->
    </test> <!-- Test -->
  </suite> <!-- Suite -->
</testng-results>
