<?xml version="1.0" encoding="UTF-8"?>
<testng-results skipped="0" failed="1" ignored="0" total="1" passed="0">
  <reporter-output>
  </reporter-output>
  <suite name="Suite" duration-ms="3443483" started-at="2024-03-01T16:09:36 IST" finished-at="2024-03-01T17:07:00 IST">
    <groups>
    </groups>
    <test name="Test" duration-ms="3443483" started-at="2024-03-01T16:09:36 IST" finished-at="2024-03-01T17:07:00 IST">
      <class name="com.testScripts_mjunction.TG1_TC_Create3StagesGRN_VerifyEndToEnd">
        <test-method status="PASS" signature="setUpSuiteDetails(org.testng.ITestContext)[pri:0, instance:com.testScripts_mjunction.TG1_TC_Create3StagesGRN_VerifyEndToEnd@69fb6037]" name="setUpSuiteDetails" is-config="true" duration-ms="347" started-at="2024-03-01T16:09:36 IST" finished-at="2024-03-01T16:09:36 IST">
          <params>
            <param index="0">
              <value>
                <![CDATA[org.testng.TestRunner@3546439b]]>
              </value>
            </param>
          </params>
          <reporter-output>
          </reporter-output>
        </test-method> <!-- setUpSuiteDetails -->
        <test-method status="PASS" signature="BeforeClass()[pri:0, instance:com.testScripts_mjunction.TG1_TC_Create3StagesGRN_VerifyEndToEnd@69fb6037]" name="BeforeClass" is-config="true" duration-ms="3032" started-at="2024-03-01T16:09:36 IST" finished-at="2024-03-01T16:09:39 IST">
          <reporter-output>
          </reporter-output>
        </test-method> <!-- BeforeClass -->
        <test-method status="PASS" signature="captureDesc(java.lang.reflect.Method)[pri:0, instance:com.testScripts_mjunction.TG1_TC_Create3StagesGRN_VerifyEndToEnd@69fb6037]" name="captureDesc" is-config="true" duration-ms="1" started-at="2024-03-01T16:09:39 IST" finished-at="2024-03-01T16:09:39 IST">
          <params>
            <param index="0">
              <value>
                <![CDATA[public void com.testScripts_mjunction.TG1_TC_Create3StagesGRN_VerifyEndToEnd.Create3StagesGRN_WithoutApprovalFlow(java.lang.String) throws java.lang.Throwable]]>
              </value>
            </param>
          </params>
          <reporter-output>
          </reporter-output>
        </test-method> <!-- captureDesc -->
        <test-method status="FAIL" signature="Create3StagesGRN_WithoutApprovalFlow(java.lang.String)[pri:0, instance:com.testScripts_mjunction.TG1_TC_Create3StagesGRN_VerifyEndToEnd@69fb6037]" name="Create3StagesGRN_WithoutApprovalFlow" duration-ms="3409667" started-at="2024-03-01T16:09:39 IST" description="TC_GRN_02:Verify the Submit Functionality during Create GRN with approval workflow &amp; Check the GRN Status as Created" finished-at="2024-03-01T17:06:29 IST">
          <params>
            <param index="0">
              <value>
                <![CDATA[11]]>
              </value>
            </param>
          </params>
          <exception class="java.lang.AssertionError">
            <message>
              <![CDATA[Error Message : Error in entering the text in element: element not interactable
  (Session info: chrome=122.0.6261.70)
Build info: version: '3.141.59', revision: 'e82be7d358', time: '2018-11-14T08:17:03'
System info: host: 'MJLT-1563', ip: '172.16.6.158', os.name: 'Windows 10', os.arch: 'amd64', os.version: '10.0', java.version: '1.8.0_351'
Driver info: org.openqa.selenium.chrome.ChromeDriver
Capabilities {acceptInsecureCerts: false, browserName: chrome, browserVersion: 122.0.6261.70, chrome: {chromedriverVersion: 121.0.6167.85 (3f98d690ad7e..., userDataDir: C:\Users\ARKA~1.DEY\AppData...}, fedcm:accounts: true, goog:chromeOptions: {debuggerAddress: localhost:57698}, javascriptEnabled: true, networkConnectionEnabled: false, pageLoadStrategy: normal, platform: WINDOWS, platformName: WINDOWS, proxy: Proxy(), setWindowRect: true, strictFileInteractability: false, timeouts: {implicit: 0, pageLoad: 300000, script: 30000}, unhandledPromptBehavior: dismiss and notify, webauthn:extension:credBlob: true, webauthn:extension:largeBlob: true, webauthn:extension:minPinLength: true, webauthn:extension:prf: true, webauthn:virtualAuthenticators: true}
Session ID: f1123799c5bd79cbd01f6d8f2bc89cdb]]>
            </message>
            <full-stacktrace>
              <![CDATA[java.lang.AssertionError: Error Message : Error in entering the text in element: element not interactable
  (Session info: chrome=122.0.6261.70)
Build info: version: '3.141.59', revision: 'e82be7d358', time: '2018-11-14T08:17:03'
System info: host: 'MJLT-1563', ip: '172.16.6.158', os.name: 'Windows 10', os.arch: 'amd64', os.version: '10.0', java.version: '1.8.0_351'
Driver info: org.openqa.selenium.chrome.ChromeDriver
Capabilities {acceptInsecureCerts: false, browserName: chrome, browserVersion: 122.0.6261.70, chrome: {chromedriverVersion: 121.0.6167.85 (3f98d690ad7e..., userDataDir: C:\Users\ARKA~1.DEY\AppData...}, fedcm:accounts: true, goog:chromeOptions: {debuggerAddress: localhost:57698}, javascriptEnabled: true, networkConnectionEnabled: false, pageLoadStrategy: normal, platform: WINDOWS, platformName: WINDOWS, proxy: Proxy(), setWindowRect: true, strictFileInteractability: false, timeouts: {implicit: 0, pageLoad: 300000, script: 30000}, unhandledPromptBehavior: dismiss and notify, webauthn:extension:credBlob: true, webauthn:extension:largeBlob: true, webauthn:extension:minPinLength: true, webauthn:extension:prf: true, webauthn:virtualAuthenticators: true}
Session ID: f1123799c5bd79cbd01f6d8f2bc89cdb
at com.baseClasses.AutomationException.<init>(AutomationException.java:11)
at com.baseClasses.BaseClass_Web.set(BaseClass_Web.java:122)
at com.components.eTenderComponent.selectBidOpeningAndProvideCommentsForBidOpeningApproval4Cover2(eTenderComponent.java:5597)
at com.testScripts_mjunction.TG1_TC_Create3StagesGRN_VerifyEndToEnd.Create3StagesGRN_WithoutApprovalFlow(TG1_TC_Create3StagesGRN_VerifyEndToEnd.java:225)
at sun.reflect.NativeMethodAccessorImpl.invoke0(Native Method)
at sun.reflect.NativeMethodAccessorImpl.invoke(Unknown Source)
at sun.reflect.DelegatingMethodAccessorImpl.invoke(Unknown Source)
at java.lang.reflect.Method.invoke(Unknown Source)
at org.testng.internal.MethodInvocationHelper.invokeMethod(MethodInvocationHelper.java:133)
at org.testng.internal.TestInvoker.invokeMethod(TestInvoker.java:598)
at org.testng.internal.TestInvoker.invokeTestMethod(TestInvoker.java:173)
at org.testng.internal.MethodRunner.runInSequence(MethodRunner.java:46)
at org.testng.internal.TestInvoker$MethodInvocationAgent.invoke(TestInvoker.java:824)
at org.testng.internal.TestInvoker.invokeTestMethods(TestInvoker.java:146)
at org.testng.internal.TestMethodWorker.invokeTestMethods(TestMethodWorker.java:146)
at org.testng.internal.TestMethodWorker.run(TestMethodWorker.java:128)
at java.util.ArrayList.forEach(Unknown Source)
at org.testng.TestRunner.privateRun(TestRunner.java:794)
at org.testng.TestRunner.run(TestRunner.java:596)
at org.testng.SuiteRunner.runTest(SuiteRunner.java:377)
at org.testng.SuiteRunner.runSequentially(SuiteRunner.java:371)
at org.testng.SuiteRunner.privateRun(SuiteRunner.java:332)
at org.testng.SuiteRunner.run(SuiteRunner.java:276)
at org.testng.SuiteRunnerWorker.runSuite(SuiteRunnerWorker.java:53)
at org.testng.SuiteRunnerWorker.run(SuiteRunnerWorker.java:96)
at org.testng.TestNG.runSuitesSequentially(TestNG.java:1212)
at org.testng.TestNG.runSuitesLocally(TestNG.java:1134)
at org.testng.TestNG.runSuites(TestNG.java:1063)
at org.testng.TestNG.run(TestNG.java:1031)
at org.testng.remote.AbstractRemoteTestNG.run(AbstractRemoteTestNG.java:115)
at org.testng.remote.RemoteTestNG.initAndRun(RemoteTestNG.java:251)
at org.testng.remote.RemoteTestNG.main(RemoteTestNG.java:77)
]]>
            </full-stacktrace>
          </exception> <!-- java.lang.AssertionError -->
          <reporter-output>
          </reporter-output>
        </test-method> <!-- Create3StagesGRN_WithoutApprovalFlow -->
        <test-method status="PASS" signature="afterClass()[pri:0, instance:com.testScripts_mjunction.TG1_TC_Create3StagesGRN_VerifyEndToEnd@69fb6037]" name="afterClass" is-config="true" duration-ms="27200" started-at="2024-03-01T17:06:33 IST" finished-at="2024-03-01T17:07:00 IST">
          <reporter-output>
          </reporter-output>
        </test-method> <!-- afterClass -->
        <test-method status="PASS" signature="afterSuite()[pri:0, instance:com.testScripts_mjunction.TG1_TC_Create3StagesGRN_VerifyEndToEnd@69fb6037]" name="afterSuite" is-config="true" duration-ms="77" started-at="2024-03-01T17:07:00 IST" finished-at="2024-03-01T17:07:00 IST">
          <reporter-output>
          </reporter-output>
        </test-method> <!-- afterSuite -->
      </class> <!-- com.testScripts_mjunction.TG1_TC_Create3StagesGRN_VerifyEndToEnd -->
    </test> <!-- Test -->
  </suite> <!-- Suite -->
</testng-results>
