<?xml version="1.0" encoding="UTF-8"?>
<testng-results skipped="0" failed="0" ignored="0" total="1" passed="1">
  <reporter-output>
  </reporter-output>
  <suite name="Suite" duration-ms="360372" started-at="2024-01-26T23:05:53 IST" finished-at="2024-01-26T23:11:53 IST">
    <groups>
    </groups>
    <test name="Test" duration-ms="360372" started-at="2024-01-26T23:05:53 IST" finished-at="2024-01-26T23:11:53 IST">
      <class name="com.testScripts_mjunction.TG1_TC_Evaluation_11_Openingapproval_Y_Evaluationapproval_Y_Backup">
        <test-method status="PASS" signature="setUpSuiteDetails(org.testng.ITestContext)[pri:0, instance:com.testScripts_mjunction.TG1_TC_Evaluation_11_Openingapproval_Y_Evaluationapproval_Y_Backup@71a794e5]" name="setUpSuiteDetails" is-config="true" duration-ms="399" started-at="2024-01-26T23:05:52 IST" finished-at="2024-01-26T23:05:53 IST">
          <params>
            <param index="0">
              <value>
                <![CDATA[org.testng.TestRunner@484149eb]]>
              </value>
            </param>
          </params>
          <reporter-output>
          </reporter-output>
        </test-method> <!-- setUpSuiteDetails -->
        <test-method status="PASS" signature="BeforeClass()[pri:0, instance:com.testScripts_mjunction.TG1_TC_Evaluation_11_Openingapproval_Y_Evaluationapproval_Y_Backup@71a794e5]" name="BeforeClass" is-config="true" duration-ms="3042" started-at="2024-01-26T23:05:53 IST" finished-at="2024-01-26T23:05:56 IST">
          <reporter-output>
          </reporter-output>
        </test-method> <!-- BeforeClass -->
        <test-method status="PASS" signature="Tender_Evaluation_with_OpeningApproval_Y_Evaluationapproval_Y(java.lang.String)[pri:0, instance:com.testScripts_mjunction.TG1_TC_Evaluation_11_Openingapproval_Y_Evaluationapproval_Y_Backup@71a794e5]" name="Tender_Evaluation_with_OpeningApproval_Y_Evaluationapproval_Y" duration-ms="343628" started-at="2024-01-26T23:05:56 IST" description="Tender_Evaluation_with_OpeningApproval_Y_Evaluationapproval_Y_RFQ_from_Indent" finished-at="2024-01-26T23:11:39 IST">
          <params>
            <param index="0">
              <value>
                <![CDATA[11]]>
              </value>
            </param>
          </params>
          <reporter-output>
          </reporter-output>
        </test-method> <!-- Tender_Evaluation_with_OpeningApproval_Y_Evaluationapproval_Y -->
        <test-method status="PASS" signature="captureDesc(java.lang.reflect.Method)[pri:0, instance:com.testScripts_mjunction.TG1_TC_Evaluation_11_Openingapproval_Y_Evaluationapproval_Y_Backup@71a794e5]" name="captureDesc" is-config="true" duration-ms="0" started-at="2024-01-26T23:05:56 IST" finished-at="2024-01-26T23:05:56 IST">
          <params>
            <param index="0">
              <value>
                <![CDATA[public void com.testScripts_mjunction.TG1_TC_Evaluation_11_Openingapproval_Y_Evaluationapproval_Y_Backup.Tender_Evaluation_with_OpeningApproval_Y_Evaluationapproval_Y(java.lang.String) throws java.lang.Throwable]]>
              </value>
            </param>
          </params>
          <reporter-output>
          </reporter-output>
        </test-method> <!-- captureDesc -->
        <test-method status="PASS" signature="afterClass()[pri:0, instance:com.testScripts_mjunction.TG1_TC_Evaluation_11_Openingapproval_Y_Evaluationapproval_Y_Backup@71a794e5]" name="afterClass" is-config="true" duration-ms="10007" started-at="2024-01-26T23:11:43 IST" finished-at="2024-01-26T23:11:53 IST">
          <reporter-output>
          </reporter-output>
        </test-method> <!-- afterClass -->
        <test-method status="PASS" signature="afterSuite()[pri:0, instance:com.testScripts_mjunction.TG1_TC_Evaluation_11_Openingapproval_Y_Evaluationapproval_Y_Backup@71a794e5]" name="afterSuite" is-config="true" duration-ms="49" started-at="2024-01-26T23:11:53 IST" finished-at="2024-01-26T23:11:53 IST">
          <reporter-output>
          </reporter-output>
        </test-method> <!-- afterSuite -->
      </class> <!-- com.testScripts_mjunction.TG1_TC_Evaluation_11_Openingapproval_Y_Evaluationapproval_Y_Backup -->
    </test> <!-- Test -->
  </suite> <!-- Suite -->
</testng-results>
