<?xml version="1.0" encoding="UTF-8"?>
<testng-results skipped="0" failed="0" ignored="0" total="1" passed="1">
  <reporter-output>
  </reporter-output>
  <suite name="Suite" duration-ms="3334412" started-at="2024-03-12T10:54:23 IST" finished-at="2024-03-12T11:49:58 IST">
    <groups>
    </groups>
    <test name="Test" duration-ms="3334412" started-at="2024-03-12T10:54:23 IST" finished-at="2024-03-12T11:49:58 IST">
      <class name="com.ChangeRequest.Notesheet_Notesheet_with_User_defined_With_Multiple_Approver_4">
        <test-method status="PASS" signature="setUpSuiteDetails(org.testng.ITestContext)[pri:0, instance:com.ChangeRequest.Notesheet_Notesheet_with_User_defined_With_Multiple_Approver_4@3b94d659]" name="setUpSuiteDetails" is-config="true" duration-ms="148" started-at="2024-03-12T10:54:23 IST" finished-at="2024-03-12T10:54:23 IST">
          <params>
            <param index="0">
              <value>
                <![CDATA[org.testng.TestRunner@1b0947c3]]>
              </value>
            </param>
          </params>
          <reporter-output>
          </reporter-output>
        </test-method> <!-- setUpSuiteDetails -->
        <test-method status="PASS" signature="BeforeClass()[pri:0, instance:com.ChangeRequest.Notesheet_Notesheet_with_User_defined_With_Multiple_Approver_4@3b94d659]" name="BeforeClass" is-config="true" duration-ms="3017" started-at="2024-03-12T10:54:23 IST" finished-at="2024-03-12T10:54:26 IST">
          <reporter-output>
          </reporter-output>
        </test-method> <!-- BeforeClass -->
        <test-method status="PASS" signature="f(java.lang.String)[pri:0, instance:com.ChangeRequest.Notesheet_Notesheet_with_User_defined_With_Multiple_Approver_4@3b94d659]" name="f" duration-ms="3279757" started-at="2024-03-12T10:54:26 IST" description="Scenario:3 - Verify the functionality of Notesheet with user defined multiple approver workflow" finished-at="2024-03-12T11:49:06 IST">
          <params>
            <param index="0">
              <value>
                <![CDATA[16]]>
              </value>
            </param>
          </params>
          <reporter-output>
          </reporter-output>
        </test-method> <!-- f -->
        <test-method status="PASS" signature="captureDesc(java.lang.reflect.Method)[pri:0, instance:com.ChangeRequest.Notesheet_Notesheet_with_User_defined_With_Multiple_Approver_4@3b94d659]" name="captureDesc" is-config="true" duration-ms="0" started-at="2024-03-12T10:54:26 IST" finished-at="2024-03-12T10:54:26 IST">
          <params>
            <param index="0">
              <value>
                <![CDATA[public void com.ChangeRequest.Notesheet_Notesheet_with_User_defined_With_Multiple_Approver_4.f(java.lang.String) throws java.lang.Throwable]]>
              </value>
            </param>
          </params>
          <reporter-output>
          </reporter-output>
        </test-method> <!-- captureDesc -->
        <test-method status="PASS" signature="afterClass()[pri:0, instance:com.ChangeRequest.Notesheet_Notesheet_with_User_defined_With_Multiple_Approver_4@3b94d659]" name="afterClass" is-config="true" duration-ms="48416" started-at="2024-03-12T11:49:09 IST" finished-at="2024-03-12T11:49:58 IST">
          <reporter-output>
          </reporter-output>
        </test-method> <!-- afterClass -->
        <test-method status="PASS" signature="afterSuite()[pri:0, instance:com.ChangeRequest.Notesheet_Notesheet_with_User_defined_With_Multiple_Approver_4@3b94d659]" name="afterSuite" is-config="true" duration-ms="1568" started-at="2024-03-12T11:49:58 IST" finished-at="2024-03-12T11:49:59 IST">
          <reporter-output>
          </reporter-output>
        </test-method> <!-- afterSuite -->
      </class> <!-- com.ChangeRequest.Notesheet_Notesheet_with_User_defined_With_Multiple_Approver_4 -->
    </test> <!-- Test -->
  </suite> <!-- Suite -->
</testng-results>
