<?xml version="1.0" encoding="UTF-8"?>
<testng-results skipped="0" failed="0" ignored="0" total="1" passed="1">
  <reporter-output>
  </reporter-output>
  <suite name="Suite" duration-ms="430718" started-at="2024-01-11T15:56:52 IST" finished-at="2024-01-11T16:04:03 IST">
    <groups>
    </groups>
    <test name="Test" duration-ms="430718" started-at="2024-01-11T15:56:52 IST" finished-at="2024-01-11T16:04:03 IST">
      <class name="com.testScripts_mjunction.TG1_TC_Indent_01_Creation_with_approval">
        <test-method status="PASS" signature="setUpSuiteDetails(org.testng.ITestContext)[pri:0, instance:com.testScripts_mjunction.TG1_TC_Indent_01_Creation_with_approval@543788f3]" name="setUpSuiteDetails" is-config="true" duration-ms="88" started-at="2024-01-11T15:56:52 IST" finished-at="2024-01-11T15:56:52 IST">
          <params>
            <param index="0">
              <value>
                <![CDATA[org.testng.TestRunner@6d6ac396]]>
              </value>
            </param>
          </params>
          <reporter-output>
          </reporter-output>
        </test-method> <!-- setUpSuiteDetails -->
        <test-method status="PASS" signature="BeforeClass()[pri:0, instance:com.testScripts_mjunction.TG1_TC_Indent_01_Creation_with_approval@543788f3]" name="BeforeClass" is-config="true" duration-ms="3039" started-at="2024-01-11T15:56:52 IST" finished-at="2024-01-11T15:56:55 IST">
          <reporter-output>
          </reporter-output>
        </test-method> <!-- BeforeClass -->
        <test-method status="PASS" signature="captureDesc(java.lang.reflect.Method)[pri:0, instance:com.testScripts_mjunction.TG1_TC_Indent_01_Creation_with_approval@543788f3]" name="captureDesc" is-config="true" duration-ms="1" started-at="2024-01-11T15:56:55 IST" finished-at="2024-01-11T15:56:55 IST">
          <params>
            <param index="0">
              <value>
                <![CDATA[public void com.testScripts_mjunction.TG1_TC_Indent_01_Creation_with_approval.Indent_creation_with_approval(java.lang.String) throws java.lang.Throwable]]>
              </value>
            </param>
          </params>
          <reporter-output>
          </reporter-output>
        </test-method> <!-- captureDesc -->
        <test-method status="PASS" signature="Indent_creation_with_approval(java.lang.String)[pri:0, instance:com.testScripts_mjunction.TG1_TC_Indent_01_Creation_with_approval@543788f3]" name="Indent_creation_with_approval" duration-ms="417439" started-at="2024-01-11T15:56:55 IST" description="Indent_creation_with_approval" finished-at="2024-01-11T16:03:53 IST">
          <params>
            <param index="0">
              <value>
                <![CDATA[18]]>
              </value>
            </param>
          </params>
          <reporter-output>
          </reporter-output>
        </test-method> <!-- Indent_creation_with_approval -->
        <test-method status="PASS" signature="afterClass()[pri:0, instance:com.testScripts_mjunction.TG1_TC_Indent_01_Creation_with_approval@543788f3]" name="afterClass" is-config="true" duration-ms="6946" started-at="2024-01-11T16:03:56 IST" finished-at="2024-01-11T16:04:03 IST">
          <reporter-output>
          </reporter-output>
        </test-method> <!-- afterClass -->
        <test-method status="PASS" signature="afterSuite()[pri:0, instance:com.testScripts_mjunction.TG1_TC_Indent_01_Creation_with_approval@543788f3]" name="afterSuite" is-config="true" duration-ms="46" started-at="2024-01-11T16:04:03 IST" finished-at="2024-01-11T16:04:03 IST">
          <reporter-output>
          </reporter-output>
        </test-method> <!-- afterSuite -->
      </class> <!-- com.testScripts_mjunction.TG1_TC_Indent_01_Creation_with_approval -->
    </test> <!-- Test -->
  </suite> <!-- Suite -->
</testng-results>
