<?xml version="1.0" encoding="UTF-8"?>
<testng-results skipped="0" failed="1" ignored="0" total="1" passed="0">
  <reporter-output>
  </reporter-output>
  <suite name="Suite" duration-ms="125948" started-at="2024-03-28T18:29:04 IST" finished-at="2024-03-28T18:31:10 IST">
    <groups>
    </groups>
    <test name="Test" duration-ms="125948" started-at="2024-03-28T18:29:04 IST" finished-at="2024-03-28T18:31:10 IST">
      <class name="com.testScripts_mjunction.TG1_TC_Indent_01_Creation_with_approval">
        <test-method status="PASS" signature="setUpSuiteDetails(org.testng.ITestContext)[pri:0, instance:com.testScripts_mjunction.TG1_TC_Indent_01_Creation_with_approval@76a4d6c]" name="setUpSuiteDetails" is-config="true" duration-ms="123" started-at="2024-03-28T18:29:04 IST" finished-at="2024-03-28T18:29:04 IST">
          <params>
            <param index="0">
              <value>
                <![CDATA[org.testng.TestRunner@19f21b6b]]>
              </value>
            </param>
          </params>
          <reporter-output>
          </reporter-output>
        </test-method> <!-- setUpSuiteDetails -->
        <test-method status="PASS" signature="BeforeClass()[pri:0, instance:com.testScripts_mjunction.TG1_TC_Indent_01_Creation_with_approval@76a4d6c]" name="BeforeClass" is-config="true" duration-ms="3018" started-at="2024-03-28T18:29:04 IST" finished-at="2024-03-28T18:29:07 IST">
          <reporter-output>
          </reporter-output>
        </test-method> <!-- BeforeClass -->
        <test-method status="PASS" signature="captureDesc(java.lang.reflect.Method)[pri:0, instance:com.testScripts_mjunction.TG1_TC_Indent_01_Creation_with_approval@76a4d6c]" name="captureDesc" is-config="true" duration-ms="1" started-at="2024-03-28T18:29:07 IST" finished-at="2024-03-28T18:29:07 IST">
          <params>
            <param index="0">
              <value>
                <![CDATA[public void com.testScripts_mjunction.TG1_TC_Indent_01_Creation_with_approval.Indent_creation_with_approval(java.lang.String) throws java.lang.Throwable]]>
              </value>
            </param>
          </params>
          <reporter-output>
          </reporter-output>
        </test-method> <!-- captureDesc -->
        <test-method status="FAIL" signature="Indent_creation_with_approval(java.lang.String)[pri:0, instance:com.testScripts_mjunction.TG1_TC_Indent_01_Creation_with_approval@76a4d6c]" name="Indent_creation_with_approval" duration-ms="117787" started-at="2024-03-28T18:29:07 IST" description="Indent_creation_with_approval" finished-at="2024-03-28T18:31:05 IST">
          <params>
            <param index="0">
              <value>
                <![CDATA[18]]>
              </value>
            </param>
          </params>
          <exception class="java.lang.AssertionError">
            <message>
              <![CDATA[Error Message : Unable to click on the field : element click intercepted: Element <button data-bs-toggle="tab" type="button" role="tab" aria-selected="true" class="nav-link creationTabCls ng-star-inserted" id="rdcis_indnt_dtls_final_mm-tab" data-bs-target="#_rdcis_indnt_dtls_final_mm" aria-controls="_rdcis_indnt_dtls_final_mm">...</button> is not clickable at point (204, 174). Other element would receive the click: <div _ngcontent-pqa-c62="" class="ngx-overlay loading-foreground" style="background-color: rgba(40, 40, 40, 0.8); border-radius: 0px;">...</div>
  (Session info: chrome=123.0.6312.86)
Build info: version: '3.141.59', revision: 'e82be7d358', time: '2018-11-14T08:17:03'
System info: host: 'MJLT-1762', ip: '172.16.16.197', os.name: 'Windows 10', os.arch: 'amd64', os.version: '10.0', java.version: '1.8.0_192'
Driver info: org.openqa.selenium.chrome.ChromeDriver
Capabilities {acceptInsecureCerts: false, browserName: chrome, browserVersion: 123.0.6312.86, chrome: {chromedriverVersion: 123.0.6312.58 (6b4b19e9dfbb..., userDataDir: C:\Users\SOURAV~1.DUT\AppDa...}, fedcm:accounts: true, goog:chromeOptions: {debuggerAddress: localhost:63960}, javascriptEnabled: true, networkConnectionEnabled: false, pageLoadStrategy: normal, platform: WINDOWS, platformName: WINDOWS, proxy: Proxy(), setWindowRect: true, strictFileInteractability: false, timeouts: {implicit: 0, pageLoad: 300000, script: 30000}, unhandledPromptBehavior: dismiss and notify, webauthn:extension:credBlob: true, webauthn:extension:largeBlob: true, webauthn:extension:minPinLength: true, webauthn:extension:prf: true, webauthn:virtualAuthenticators: true}
Session ID: 203e87a7a971e4e07876e6e45f0d1d0b]]>
            </message>
            <full-stacktrace>
              <![CDATA[java.lang.AssertionError: Error Message : Unable to click on the field : element click intercepted: Element <button data-bs-toggle="tab" type="button" role="tab" aria-selected="true" class="nav-link creationTabCls ng-star-inserted" id="rdcis_indnt_dtls_final_mm-tab" data-bs-target="#_rdcis_indnt_dtls_final_mm" aria-controls="_rdcis_indnt_dtls_final_mm">...</button> is not clickable at point (204, 174). Other element would receive the click: <div _ngcontent-pqa-c62="" class="ngx-overlay loading-foreground" style="background-color: rgba(40, 40, 40, 0.8); border-radius: 0px;">...</div>
  (Session info: chrome=123.0.6312.86)
Build info: version: '3.141.59', revision: 'e82be7d358', time: '2018-11-14T08:17:03'
System info: host: 'MJLT-1762', ip: '172.16.16.197', os.name: 'Windows 10', os.arch: 'amd64', os.version: '10.0', java.version: '1.8.0_192'
Driver info: org.openqa.selenium.chrome.ChromeDriver
Capabilities {acceptInsecureCerts: false, browserName: chrome, browserVersion: 123.0.6312.86, chrome: {chromedriverVersion: 123.0.6312.58 (6b4b19e9dfbb..., userDataDir: C:\Users\SOURAV~1.DUT\AppDa...}, fedcm:accounts: true, goog:chromeOptions: {debuggerAddress: localhost:63960}, javascriptEnabled: true, networkConnectionEnabled: false, pageLoadStrategy: normal, platform: WINDOWS, platformName: WINDOWS, proxy: Proxy(), setWindowRect: true, strictFileInteractability: false, timeouts: {implicit: 0, pageLoad: 300000, script: 30000}, unhandledPromptBehavior: dismiss and notify, webauthn:extension:credBlob: true, webauthn:extension:largeBlob: true, webauthn:extension:minPinLength: true, webauthn:extension:prf: true, webauthn:virtualAuthenticators: true}
Session ID: 203e87a7a971e4e07876e6e45f0d1d0b
at com.baseClasses.AutomationException.<init>(AutomationException.java:11)
at com.baseClasses.BaseClass_Web.click(BaseClass_Web.java:94)
at com.components.RfqFromIndentComponent.IndentTG1_Indent_Details_tabvalidation(RfqFromIndentComponent.java:1397)
at com.testScripts_mjunction.TG1_TC_Indent_01_Creation_with_approval.Indent_creation_with_approval(TG1_TC_Indent_01_Creation_with_approval.java:60)
at sun.reflect.NativeMethodAccessorImpl.invoke0(Native Method)
at sun.reflect.NativeMethodAccessorImpl.invoke(Unknown Source)
at sun.reflect.DelegatingMethodAccessorImpl.invoke(Unknown Source)
at java.lang.reflect.Method.invoke(Unknown Source)
at org.testng.internal.MethodInvocationHelper.invokeMethod(MethodInvocationHelper.java:134)
at org.testng.internal.TestInvoker.invokeMethod(TestInvoker.java:597)
at org.testng.internal.TestInvoker.invokeTestMethod(TestInvoker.java:173)
at org.testng.internal.MethodRunner.runInSequence(MethodRunner.java:46)
at org.testng.internal.TestInvoker$MethodInvocationAgent.invoke(TestInvoker.java:816)
at org.testng.internal.TestInvoker.invokeTestMethods(TestInvoker.java:146)
at org.testng.internal.TestMethodWorker.invokeTestMethods(TestMethodWorker.java:146)
at org.testng.internal.TestMethodWorker.run(TestMethodWorker.java:128)
at java.util.ArrayList.forEach(Unknown Source)
at org.testng.TestRunner.privateRun(TestRunner.java:766)
at org.testng.TestRunner.run(TestRunner.java:587)
at org.testng.SuiteRunner.runTest(SuiteRunner.java:384)
at org.testng.SuiteRunner.runSequentially(SuiteRunner.java:378)
at org.testng.SuiteRunner.privateRun(SuiteRunner.java:337)
at org.testng.SuiteRunner.run(SuiteRunner.java:286)
at org.testng.SuiteRunnerWorker.runSuite(SuiteRunnerWorker.java:53)
at org.testng.SuiteRunnerWorker.run(SuiteRunnerWorker.java:96)
at org.testng.TestNG.runSuitesSequentially(TestNG.java:1187)
at org.testng.TestNG.runSuitesLocally(TestNG.java:1109)
at org.testng.TestNG.runSuites(TestNG.java:1039)
at org.testng.TestNG.run(TestNG.java:1007)
at org.testng.remote.AbstractRemoteTestNG.run(AbstractRemoteTestNG.java:115)
at org.testng.remote.RemoteTestNG.initAndRun(RemoteTestNG.java:251)
at org.testng.remote.RemoteTestNG.main(RemoteTestNG.java:77)
]]>
            </full-stacktrace>
          </exception> <!-- java.lang.AssertionError -->
          <reporter-output>
          </reporter-output>
        </test-method> <!-- Indent_creation_with_approval -->
        <test-method status="PASS" signature="afterClass()[pri:0, instance:com.testScripts_mjunction.TG1_TC_Indent_01_Creation_with_approval@76a4d6c]" name="afterClass" is-config="true" duration-ms="1804" started-at="2024-03-28T18:31:08 IST" finished-at="2024-03-28T18:31:10 IST">
          <reporter-output>
          </reporter-output>
        </test-method> <!-- afterClass -->
        <test-method status="PASS" signature="afterSuite()[pri:0, instance:com.testScripts_mjunction.TG1_TC_Indent_01_Creation_with_approval@76a4d6c]" name="afterSuite" is-config="true" duration-ms="26" started-at="2024-03-28T18:31:10 IST" finished-at="2024-03-28T18:31:10 IST">
          <reporter-output>
          </reporter-output>
        </test-method> <!-- afterSuite -->
      </class> <!-- com.testScripts_mjunction.TG1_TC_Indent_01_Creation_with_approval -->
    </test> <!-- Test -->
  </suite> <!-- Suite -->
</testng-results>
