<?xml version="1.0" encoding="UTF-8"?>
<testng-results skipped="0" failed="0" ignored="0" total="1" passed="1">
  <reporter-output>
  </reporter-output>
  <suite name="Suite" duration-ms="521092" started-at="2021-12-20T22:33:33 IST" finished-at="2021-12-20T22:42:14 IST">
    <groups>
    </groups>
    <test name="Test" duration-ms="521092" started-at="2021-12-20T22:33:33 IST" finished-at="2021-12-20T22:42:14 IST">
      <class name="com.testScripts_mjunction.TG9_TC_Indent_07_Assignment_Process_Revert_to_Indent_creator">
        <test-method status="PASS" signature="setUpSuiteDetails(org.testng.ITestContext)[pri:0, instance:com.testScripts_mjunction.TG9_TC_Indent_07_Assignment_Process_Revert_to_Indent_creator@11c20519]" name="setUpSuiteDetails" is-config="true" duration-ms="396" started-at="2021-12-20T22:33:32 IST" finished-at="2021-12-20T22:33:33 IST">
          <params>
            <param index="0">
              <value>
                <![CDATA[org.testng.TestRunner@58472096]]>
              </value>
            </param>
          </params>
          <reporter-output>
          </reporter-output>
        </test-method> <!-- setUpSuiteDetails -->
        <test-method status="PASS" signature="BeforeClass()[pri:0, instance:com.testScripts_mjunction.TG9_TC_Indent_07_Assignment_Process_Revert_to_Indent_creator@11c20519]" name="BeforeClass" is-config="true" duration-ms="3093" started-at="2021-12-20T22:33:33 IST" finished-at="2021-12-20T22:33:36 IST">
          <reporter-output>
          </reporter-output>
        </test-method> <!-- BeforeClass -->
        <test-method status="PASS" signature="captureDesc(java.lang.reflect.Method)[pri:0, instance:com.testScripts_mjunction.TG9_TC_Indent_07_Assignment_Process_Revert_to_Indent_creator@11c20519]" name="captureDesc" is-config="true" duration-ms="1" started-at="2021-12-20T22:33:36 IST" finished-at="2021-12-20T22:33:36 IST">
          <params>
            <param index="0">
              <value>
                <![CDATA[public void com.testScripts_mjunction.TG9_TC_Indent_07_Assignment_Process_Revert_to_Indent_creator.Verifying_indent_AssignmentProcess_selfClaim_Revert_to_Indent_creator_TG8(java.lang.String) throws java.lang.Throwable]]>
              </value>
            </param>
          </params>
          <reporter-output>
          </reporter-output>
        </test-method> <!-- captureDesc -->
        <test-method status="PASS" signature="Verifying_indent_AssignmentProcess_selfClaim_Revert_to_Indent_creator_TG8(java.lang.String)[pri:0, instance:com.testScripts_mjunction.TG9_TC_Indent_07_Assignment_Process_Revert_to_Indent_creator@11c20519]" name="Verifying_indent_AssignmentProcess_selfClaim_Revert_to_Indent_creator_TG8" duration-ms="503256" started-at="2021-12-20T22:33:36 IST" description="Verifying_indent_AssignmentProcess_Revert_to_Indent_creator" finished-at="2021-12-20T22:41:59 IST">
          <params>
            <param index="0">
              <value>
                <![CDATA[24]]>
              </value>
            </param>
          </params>
          <reporter-output>
          </reporter-output>
        </test-method> <!-- Verifying_indent_AssignmentProcess_selfClaim_Revert_to_Indent_creator_TG8 -->
        <test-method status="PASS" signature="afterClass()[pri:0, instance:com.testScripts_mjunction.TG9_TC_Indent_07_Assignment_Process_Revert_to_Indent_creator@11c20519]" name="afterClass" is-config="true" duration-ms="11233" started-at="2021-12-20T22:42:02 IST" finished-at="2021-12-20T22:42:14 IST">
          <reporter-output>
          </reporter-output>
        </test-method> <!-- afterClass -->
        <test-method status="PASS" signature="afterSuite()[pri:0, instance:com.testScripts_mjunction.TG9_TC_Indent_07_Assignment_Process_Revert_to_Indent_creator@11c20519]" name="afterSuite" is-config="true" duration-ms="75" started-at="2021-12-20T22:42:14 IST" finished-at="2021-12-20T22:42:14 IST">
          <reporter-output>
          </reporter-output>
        </test-method> <!-- afterSuite -->
      </class> <!-- com.testScripts_mjunction.TG9_TC_Indent_07_Assignment_Process_Revert_to_Indent_creator -->
    </test> <!-- Test -->
  </suite> <!-- Suite -->
</testng-results>
