<?xml version="1.0" encoding="UTF-8"?>
<testng-results skipped="0" failed="1" ignored="0" total="1" passed="0">
  <reporter-output>
  </reporter-output>
  <suite name="Suite" duration-ms="3285292" started-at="2024-01-09T12:57:41 IST" finished-at="2024-01-09T13:52:27 IST">
    <groups>
    </groups>
    <test name="Test" duration-ms="3285292" started-at="2024-01-09T12:57:41 IST" finished-at="2024-01-09T13:52:27 IST">
      <class name="com.testScripts_mjunction.TG1_TC_TenderCreation_01_tender_publish_with_tender_approval">
        <test-method status="PASS" signature="setUpSuiteDetails(org.testng.ITestContext)[pri:0, instance:com.testScripts_mjunction.TG1_TC_TenderCreation_01_tender_publish_with_tender_approval@71a794e5]" name="setUpSuiteDetails" is-config="true" duration-ms="319" started-at="2024-01-09T12:57:41 IST" finished-at="2024-01-09T12:57:41 IST">
          <params>
            <param index="0">
              <value>
                <![CDATA[org.testng.TestRunner@46d148bd]]>
              </value>
            </param>
          </params>
          <reporter-output>
          </reporter-output>
        </test-method> <!-- setUpSuiteDetails -->
        <test-method status="PASS" signature="BeforeClass()[pri:0, instance:com.testScripts_mjunction.TG1_TC_TenderCreation_01_tender_publish_with_tender_approval@71a794e5]" name="BeforeClass" is-config="true" duration-ms="3032" started-at="2024-01-09T12:57:41 IST" finished-at="2024-01-09T12:57:44 IST">
          <reporter-output>
          </reporter-output>
        </test-method> <!-- BeforeClass -->
        <test-method status="FAIL" signature="Tenderpublished_after_tender_approval_TG1(java.lang.String)[pri:0, instance:com.testScripts_mjunction.TG1_TC_TenderCreation_01_tender_publish_with_tender_approval@71a794e5]" name="Tenderpublished_after_tender_approval_TG1" duration-ms="3262395" started-at="2024-01-09T12:57:44 IST" description="Tenderpublished_after_tender_approval_tender_from_indent" finished-at="2024-01-09T13:52:07 IST">
          <params>
            <param index="0">
              <value>
                <![CDATA[1]]>
              </value>
            </param>
          </params>
          <exception class="java.lang.AssertionError">
            <message>
              <![CDATA[Failed Due to Expected condition failed: waiting for visibility of element located by By.xpath: //a[normalize-space()='Tender'] (tried for 2000 second(s) with 500 milliseconds interval)]]>
            </message>
            <full-stacktrace>
              <![CDATA[java.lang.AssertionError: Failed Due to Expected condition failed: waiting for visibility of element located by By.xpath: //a[normalize-space()='Tender'] (tried for 2000 second(s) with 500 milliseconds interval)
at org.testng.Assert.fail(Assert.java:99)
at com.components.eTenderComponent.ApproverOverAllComentWithTenderHasBeenApproved(eTenderComponent.java:12833)
at com.testScripts_mjunction.TG1_TC_TenderCreation_01_tender_publish_with_tender_approval.Tenderpublished_after_tender_approval_TG1(TG1_TC_TenderCreation_01_tender_publish_with_tender_approval.java:115)
at sun.reflect.NativeMethodAccessorImpl.invoke0(Native Method)
at sun.reflect.NativeMethodAccessorImpl.invoke(Unknown Source)
at sun.reflect.DelegatingMethodAccessorImpl.invoke(Unknown Source)
at java.lang.reflect.Method.invoke(Unknown Source)
at org.testng.internal.MethodInvocationHelper.invokeMethod(MethodInvocationHelper.java:133)
at org.testng.internal.TestInvoker.invokeMethod(TestInvoker.java:598)
at org.testng.internal.TestInvoker.invokeTestMethod(TestInvoker.java:173)
at org.testng.internal.MethodRunner.runInSequence(MethodRunner.java:46)
at org.testng.internal.TestInvoker$MethodInvocationAgent.invoke(TestInvoker.java:824)
at org.testng.internal.TestInvoker.invokeTestMethods(TestInvoker.java:146)
at org.testng.internal.TestMethodWorker.invokeTestMethods(TestMethodWorker.java:146)
at org.testng.internal.TestMethodWorker.run(TestMethodWorker.java:128)
at java.util.ArrayList.forEach(Unknown Source)
at org.testng.TestRunner.privateRun(TestRunner.java:794)
at org.testng.TestRunner.run(TestRunner.java:596)
at org.testng.SuiteRunner.runTest(SuiteRunner.java:377)
at org.testng.SuiteRunner.runSequentially(SuiteRunner.java:371)
at org.testng.SuiteRunner.privateRun(SuiteRunner.java:332)
at org.testng.SuiteRunner.run(SuiteRunner.java:276)
at org.testng.SuiteRunnerWorker.runSuite(SuiteRunnerWorker.java:53)
at org.testng.SuiteRunnerWorker.run(SuiteRunnerWorker.java:96)
at org.testng.TestNG.runSuitesSequentially(TestNG.java:1212)
at org.testng.TestNG.runSuitesLocally(TestNG.java:1134)
at org.testng.TestNG.runSuites(TestNG.java:1063)
at org.testng.TestNG.run(TestNG.java:1031)
at org.testng.remote.AbstractRemoteTestNG.run(AbstractRemoteTestNG.java:115)
at org.testng.remote.RemoteTestNG.initAndRun(RemoteTestNG.java:251)
at org.testng.remote.RemoteTestNG.main(RemoteTestNG.java:77)
]]>
            </full-stacktrace>
          </exception> <!-- java.lang.AssertionError -->
          <reporter-output>
          </reporter-output>
        </test-method> <!-- Tenderpublished_after_tender_approval_TG1 -->
        <test-method status="PASS" signature="captureDesc(java.lang.reflect.Method)[pri:0, instance:com.testScripts_mjunction.TG1_TC_TenderCreation_01_tender_publish_with_tender_approval@71a794e5]" name="captureDesc" is-config="true" duration-ms="0" started-at="2024-01-09T12:57:44 IST" finished-at="2024-01-09T12:57:44 IST">
          <params>
            <param index="0">
              <value>
                <![CDATA[public void com.testScripts_mjunction.TG1_TC_TenderCreation_01_tender_publish_with_tender_approval.Tenderpublished_after_tender_approval_TG1(java.lang.String) throws java.lang.Throwable]]>
              </value>
            </param>
          </params>
          <reporter-output>
          </reporter-output>
        </test-method> <!-- captureDesc -->
        <test-method status="PASS" signature="afterClass()[pri:0, instance:com.testScripts_mjunction.TG1_TC_TenderCreation_01_tender_publish_with_tender_approval@71a794e5]" name="afterClass" is-config="true" duration-ms="16461" started-at="2024-01-09T13:52:10 IST" finished-at="2024-01-09T13:52:27 IST">
          <reporter-output>
          </reporter-output>
        </test-method> <!-- afterClass -->
        <test-method status="PASS" signature="afterSuite()[pri:0, instance:com.testScripts_mjunction.TG1_TC_TenderCreation_01_tender_publish_with_tender_approval@71a794e5]" name="afterSuite" is-config="true" duration-ms="59" started-at="2024-01-09T13:52:27 IST" finished-at="2024-01-09T13:52:27 IST">
          <reporter-output>
          </reporter-output>
        </test-method> <!-- afterSuite -->
      </class> <!-- com.testScripts_mjunction.TG1_TC_TenderCreation_01_tender_publish_with_tender_approval -->
    </test> <!-- Test -->
  </suite> <!-- Suite -->
</testng-results>
