<?xml version="1.0" encoding="UTF-8"?>
<testng-results skipped="0" failed="1" ignored="0" total="1" passed="0">
  <reporter-output>
  </reporter-output>
  <suite name="Suite" duration-ms="76106" started-at="2024-03-01T17:06:00 IST" finished-at="2024-03-01T17:07:16 IST">
    <groups>
    </groups>
    <test name="Test" duration-ms="76106" started-at="2024-03-01T17:06:00 IST" finished-at="2024-03-01T17:07:16 IST">
      <class name="com.testScripts_mjunction.TC_GRN_01_Create3StagesGRN_WithoutApprovalFlow">
        <test-method status="PASS" signature="setUpSuiteDetails(org.testng.ITestContext)[pri:0, instance:com.testScripts_mjunction.TC_GRN_01_Create3StagesGRN_WithoutApprovalFlow@35cabb2a]" name="setUpSuiteDetails" is-config="true" duration-ms="132" started-at="2024-03-01T17:06:00 IST" finished-at="2024-03-01T17:06:00 IST">
          <params>
            <param index="0">
              <value>
                <![CDATA[org.testng.TestRunner@4a60ee36]]>
              </value>
            </param>
          </params>
          <reporter-output>
          </reporter-output>
        </test-method> <!-- setUpSuiteDetails -->
        <test-method status="PASS" signature="BeforeClass()[pri:0, instance:com.testScripts_mjunction.TC_GRN_01_Create3StagesGRN_WithoutApprovalFlow@35cabb2a]" name="BeforeClass" is-config="true" duration-ms="3031" started-at="2024-03-01T17:06:00 IST" finished-at="2024-03-01T17:06:03 IST">
          <reporter-output>
          </reporter-output>
        </test-method> <!-- BeforeClass -->
        <test-method status="PASS" signature="captureDesc(java.lang.reflect.Method)[pri:0, instance:com.testScripts_mjunction.TC_GRN_01_Create3StagesGRN_WithoutApprovalFlow@35cabb2a]" name="captureDesc" is-config="true" duration-ms="0" started-at="2024-03-01T17:06:03 IST" finished-at="2024-03-01T17:06:03 IST">
          <params>
            <param index="0">
              <value>
                <![CDATA[public void com.testScripts_mjunction.TC_GRN_01_Create3StagesGRN_WithoutApprovalFlow.Create3StagesGRN_WithoutApprovalFlow(java.lang.String) throws java.lang.Throwable]]>
              </value>
            </param>
          </params>
          <reporter-output>
          </reporter-output>
        </test-method> <!-- captureDesc -->
        <test-method status="FAIL" signature="Create3StagesGRN_WithoutApprovalFlow(java.lang.String)[pri:0, instance:com.testScripts_mjunction.TC_GRN_01_Create3StagesGRN_WithoutApprovalFlow@35cabb2a]" name="Create3StagesGRN_WithoutApprovalFlow" duration-ms="65406" started-at="2024-03-01T17:06:03 IST" description="TC_GRN_01:Verify the Submit Functionality during Create GRN &amp; Check the GRN Status as Created" finished-at="2024-03-01T17:07:09 IST">
          <params>
            <param index="0">
              <value>
                <![CDATA[8]]>
              </value>
            </param>
          </params>
          <exception class="java.lang.AssertionError">
            <message>
              <![CDATA[Failed Due to stale element reference: stale element not found
  (Session info: chrome=122.0.6261.70)
For documentation on this error, please visit: https://www.seleniumhq.org/exceptions/stale_element_reference.html
Build info: version: '3.141.59', revision: 'e82be7d358', time: '2018-11-14T08:17:03'
System info: host: 'MJLT-2170', ip: '172.16.19.221', os.name: 'Windows 10', os.arch: 'amd64', os.version: '10.0', java.version: '1.8.0_192'
Driver info: org.openqa.selenium.chrome.ChromeDriver
Capabilities {acceptInsecureCerts: false, browserName: chrome, browserVersion: 122.0.6261.70, chrome: {chromedriverVersion: 121.0.6167.85 (3f98d690ad7e..., userDataDir: C:\Users\PAVEL~1.BAI\AppDat...}, fedcm:accounts: true, goog:chromeOptions: {debuggerAddress: localhost:60232}, javascriptEnabled: true, networkConnectionEnabled: false, pageLoadStrategy: normal, platform: WINDOWS, platformName: WINDOWS, proxy: Proxy(), setWindowRect: true, strictFileInteractability: false, timeouts: {implicit: 0, pageLoad: 300000, script: 30000}, unhandledPromptBehavior: dismiss and notify, webauthn:extension:credBlob: true, webauthn:extension:largeBlob: true, webauthn:extension:minPinLength: true, webauthn:extension:prf: true, webauthn:virtualAuthenticators: true}
Session ID: cc0e451eeadbcba80e569f5584bc234d]]>
            </message>
            <full-stacktrace>
              <![CDATA[java.lang.AssertionError: Failed Due to stale element reference: stale element not found
  (Session info: chrome=122.0.6261.70)
For documentation on this error, please visit: https://www.seleniumhq.org/exceptions/stale_element_reference.html
Build info: version: '3.141.59', revision: 'e82be7d358', time: '2018-11-14T08:17:03'
System info: host: 'MJLT-2170', ip: '172.16.19.221', os.name: 'Windows 10', os.arch: 'amd64', os.version: '10.0', java.version: '1.8.0_192'
Driver info: org.openqa.selenium.chrome.ChromeDriver
Capabilities {acceptInsecureCerts: false, browserName: chrome, browserVersion: 122.0.6261.70, chrome: {chromedriverVersion: 121.0.6167.85 (3f98d690ad7e..., userDataDir: C:\Users\PAVEL~1.BAI\AppDat...}, fedcm:accounts: true, goog:chromeOptions: {debuggerAddress: localhost:60232}, javascriptEnabled: true, networkConnectionEnabled: false, pageLoadStrategy: normal, platform: WINDOWS, platformName: WINDOWS, proxy: Proxy(), setWindowRect: true, strictFileInteractability: false, timeouts: {implicit: 0, pageLoad: 300000, script: 30000}, unhandledPromptBehavior: dismiss and notify, webauthn:extension:credBlob: true, webauthn:extension:largeBlob: true, webauthn:extension:minPinLength: true, webauthn:extension:prf: true, webauthn:virtualAuthenticators: true}
Session ID: cc0e451eeadbcba80e569f5584bc234d
at org.testng.Assert.fail(Assert.java:99)
at com.components.ASN_GRNComponent.createGrn(ASN_GRNComponent.java:761)
at com.testScripts_mjunction.TC_GRN_01_Create3StagesGRN_WithoutApprovalFlow.Create3StagesGRN_WithoutApprovalFlow(TC_GRN_01_Create3StagesGRN_WithoutApprovalFlow.java:106)
at sun.reflect.NativeMethodAccessorImpl.invoke0(Native Method)
at sun.reflect.NativeMethodAccessorImpl.invoke(Unknown Source)
at sun.reflect.DelegatingMethodAccessorImpl.invoke(Unknown Source)
at java.lang.reflect.Method.invoke(Unknown Source)
at org.testng.internal.MethodInvocationHelper.invokeMethod(MethodInvocationHelper.java:132)
at org.testng.internal.TestInvoker.invokeMethod(TestInvoker.java:599)
at org.testng.internal.TestInvoker.invokeTestMethod(TestInvoker.java:174)
at org.testng.internal.MethodRunner.runInSequence(MethodRunner.java:46)
at org.testng.internal.TestInvoker$MethodInvocationAgent.invoke(TestInvoker.java:822)
at org.testng.internal.TestInvoker.invokeTestMethods(TestInvoker.java:147)
at org.testng.internal.TestMethodWorker.invokeTestMethods(TestMethodWorker.java:146)
at org.testng.internal.TestMethodWorker.run(TestMethodWorker.java:128)
at java.util.ArrayList.forEach(Unknown Source)
at org.testng.TestRunner.privateRun(TestRunner.java:764)
at org.testng.TestRunner.run(TestRunner.java:585)
at org.testng.SuiteRunner.runTest(SuiteRunner.java:384)
at org.testng.SuiteRunner.runSequentially(SuiteRunner.java:378)
at org.testng.SuiteRunner.privateRun(SuiteRunner.java:337)
at org.testng.SuiteRunner.run(SuiteRunner.java:286)
at org.testng.SuiteRunnerWorker.runSuite(SuiteRunnerWorker.java:53)
at org.testng.SuiteRunnerWorker.run(SuiteRunnerWorker.java:96)
at org.testng.TestNG.runSuitesSequentially(TestNG.java:1218)
at org.testng.TestNG.runSuitesLocally(TestNG.java:1140)
at org.testng.TestNG.runSuites(TestNG.java:1069)
at org.testng.TestNG.run(TestNG.java:1037)
at org.testng.remote.AbstractRemoteTestNG.run(AbstractRemoteTestNG.java:115)
at org.testng.remote.RemoteTestNG.initAndRun(RemoteTestNG.java:251)
at org.testng.remote.RemoteTestNG.main(RemoteTestNG.java:77)
]]>
            </full-stacktrace>
          </exception> <!-- java.lang.AssertionError -->
          <reporter-output>
          </reporter-output>
        </test-method> <!-- Create3StagesGRN_WithoutApprovalFlow -->
        <test-method status="PASS" signature="afterClass()[pri:0, instance:com.testScripts_mjunction.TC_GRN_01_Create3StagesGRN_WithoutApprovalFlow@35cabb2a]" name="afterClass" is-config="true" duration-ms="4534" started-at="2024-03-01T17:07:12 IST" finished-at="2024-03-01T17:07:16 IST">
          <reporter-output>
          </reporter-output>
        </test-method> <!-- afterClass -->
        <test-method status="PASS" signature="afterSuite()[pri:0, instance:com.testScripts_mjunction.TC_GRN_01_Create3StagesGRN_WithoutApprovalFlow@35cabb2a]" name="afterSuite" is-config="true" duration-ms="36" started-at="2024-03-01T17:07:16 IST" finished-at="2024-03-01T17:07:16 IST">
          <reporter-output>
          </reporter-output>
        </test-method> <!-- afterSuite -->
      </class> <!-- com.testScripts_mjunction.TC_GRN_01_Create3StagesGRN_WithoutApprovalFlow -->
    </test> <!-- Test -->
  </suite> <!-- Suite -->
</testng-results>
